2020-11-17 16:03:18 [::1][-][-][error][Error] Error: Class 'app\models\User' not found in C:\wamp64\www\Hora-da-Papa\backend\models\Utilizador.php:37
Stack trace:
#0 C:\wamp64\www\Hora-da-Papa\vendor\yiisoft\yii2\base\Model.php(464): app\models\Utilizador->rules()
#1 C:\wamp64\www\Hora-da-Papa\vendor\yiisoft\yii2\base\Model.php(420): yii\base\Model->createValidators()
#2 C:\wamp64\www\Hora-da-Papa\vendor\yiisoft\yii2\base\Model.php(189): yii\base\Model->getValidators()
#3 C:\wamp64\www\Hora-da-Papa\vendor\yiisoft\yii2\base\Model.php(795): yii\base\Model->scenarios()
#4 C:\wamp64\www\Hora-da-Papa\vendor\yiisoft\yii2-gii\src\generators\crud\default\views\_form.php(11): yii\base\Model->safeAttributes()
#5 C:\wamp64\www\Hora-da-Papa\vendor\yiisoft\yii2\base\View.php(348): require('C:\\wamp64\\www\\H...')
#6 C:\wamp64\www\Hora-da-Papa\vendor\yiisoft\yii2\base\View.php(257): yii\base\View->renderPhpFile('C:\\wamp64\\www\\H...', Array)
#7 C:\wamp64\www\Hora-da-Papa\vendor\yiisoft\yii2-gii\src\Generator.php(317): yii\base\View->renderFile('C:\\wamp64\\www\\H...', Array, Object(yii\gii\generators\crud\Generator))
#8 C:\wamp64\www\Hora-da-Papa\vendor\yiisoft\yii2-gii\src\generators\crud\Generator.php(188): yii\gii\Generator->render('views/_form.php')
#9 C:\wamp64\www\Hora-da-Papa\vendor\yiisoft\yii2-gii\src\controllers\DefaultController.php(61): yii\gii\generators\crud\Generator->generate()
#10 [internal function]: yii\gii\controllers\DefaultController->actionView('crud')
#11 C:\wamp64\www\Hora-da-Papa\vendor\yiisoft\yii2\base\InlineAction.php(57): call_user_func_array(Array, Array)
#12 C:\wamp64\www\Hora-da-Papa\vendor\yiisoft\yii2\base\Controller.php(180): yii\base\InlineAction->runWithParams(Array)
#13 C:\wamp64\www\Hora-da-Papa\vendor\yiisoft\yii2\base\Module.php(528): yii\base\Controller->runAction('view', Array)
#14 C:\wamp64\www\Hora-da-Papa\vendor\yiisoft\yii2\web\Application.php(103): yii\base\Module->runAction('gii/default/vie...', Array)
#15 C:\wamp64\www\Hora-da-Papa\vendor\yiisoft\yii2\base\Application.php(386): yii\web\Application->handleRequest(Object(yii\web\Request))
#16 C:\wamp64\www\Hora-da-Papa\backend\web\index.php(17): yii\base\Application->run()
#17 {main}
2020-11-17 16:03:18 [::1][-][-][info][application] $_GET = [
    'r' => 'gii/default/view'
    'id' => 'crud'
]

$_POST = [
    '_csrf-backend' => '_QmXUnVRgp8r9-qJxx6aifwkM7tMJfqv6p2ZnTE7qjS-TcQkPRTDqW-oobuNeKjOtUx-8z5Hg8ze8uCtCE_yQQ=='
    'Generator' => [
        'modelClass' => 'app\\models\\Utilizador'
        'searchModelClass' => 'app\\models\\UtilizadorSearch'
        'controllerClass' => 'app\\controllers\\UtilizadorController'
        'viewPath' => '@app/view/utilizador'
        'baseControllerClass' => 'yii\\web\\Controller'
        'indexWidgetType' => 'grid'
        'enableI18N' => '0'
        'enablePjax' => '0'
        'messageCategory' => 'app'
        'template' => 'default'
    ]
    'preview' => ''
]

$_FILES = []

$_COOKIE = [
    '_csrf-frontend' => 'ec433b8fb18a09199fc9ec2081bd894a4f0ec891a7b33681bc1e69ae8198b72fa:2:{i:0;s:14:\"_csrf-frontend\";i:1;s:32:\"vDByfDjFz9-M-StBj35i6CR1ujMrfnXC\";}'
    '_csrf-backend' => '4b607f45d5d80bef3153db16169533d7cbccbf211ffc807e2453ae90c09cdce8a:2:{i:0;s:13:\"_csrf-backend\";i:1;s:32:\"CDSvHEA6D_K2Jf2GIhMHrbyc4oy09tXu\";}'
]

$_SERVER = [
    'HTTP_HOST' => 'localhost'
    'HTTP_CONNECTION' => 'keep-alive'
    'CONTENT_LENGTH' => '571'
    'HTTP_CACHE_CONTROL' => 'max-age=0'
    'HTTP_ORIGIN' => 'http://localhost'
    'HTTP_UPGRADE_INSECURE_REQUESTS' => '1'
    'HTTP_DNT' => '1'
    'CONTENT_TYPE' => 'application/x-www-form-urlencoded'
    'HTTP_USER_AGENT' => 'Mozilla/5.0 (Windows NT 10.0; Win64; x64) AppleWebKit/537.36 (KHTML, like Gecko) Chrome/86.0.4240.198 Safari/537.36'
    'HTTP_ACCEPT' => 'text/html,application/xhtml+xml,application/xml;q=0.9,image/avif,image/webp,image/apng,*/*;q=0.8,application/signed-exchange;v=b3;q=0.9'
    'HTTP_SEC_FETCH_SITE' => 'same-origin'
    'HTTP_SEC_FETCH_MODE' => 'navigate'
    'HTTP_SEC_FETCH_USER' => '?1'
    'HTTP_SEC_FETCH_DEST' => 'document'
    'HTTP_REFERER' => 'http://localhost/hora-da-papa/backend/web/index.php?r=gii%2Fdefault%2Fview&id=crud'
    'HTTP_ACCEPT_ENCODING' => 'gzip, deflate, br'
    'HTTP_ACCEPT_LANGUAGE' => 'pt-PT,pt;q=0.9,en-US;q=0.8,en;q=0.7'
    'HTTP_COOKIE' => '_csrf-frontend=ec433b8fb18a09199fc9ec2081bd894a4f0ec891a7b33681bc1e69ae8198b72fa%3A2%3A%7Bi%3A0%3Bs%3A14%3A%22_csrf-frontend%22%3Bi%3A1%3Bs%3A32%3A%22vDByfDjFz9-M-StBj35i6CR1ujMrfnXC%22%3B%7D; _csrf-backend=4b607f45d5d80bef3153db16169533d7cbccbf211ffc807e2453ae90c09cdce8a%3A2%3A%7Bi%3A0%3Bs%3A13%3A%22_csrf-backend%22%3Bi%3A1%3Bs%3A32%3A%22CDSvHEA6D_K2Jf2GIhMHrbyc4oy09tXu%22%3B%7D'
    'PATH' => 'C:\\Program Files\\AdoptOpenJDK\\jdk-14.0.2.12-hotspot\\bin;C:\\Program Files\\Common Files\\Oracle\\Java\\javapath;C:\\Windows\\system32;C:\\Windows;C:\\Windows\\System32\\Wbem;C:\\Windows\\System32\\WindowsPowerShell\\v1.0\\;C:\\Windows\\System32\\OpenSSH\\;C:\\wamp64\\bin\\php\\php5.6.40;C:\\ProgramData\\ComposerSetup\\bin;C:\\Program Files\\dotnet\\;C:\\Program Files\\Microsoft SQL Server\\130\\Tools\\Binn\\;C:\\Program Files\\Microsoft SQL Server\\Client SDK\\ODBC\\170\\Tools\\Binn\\;C:\\Program Files\\Docker\\Docker\\resources\\bin;C:\\ProgramData\\DockerDesktop\\version-bin;C:\\Program Files\\Git\\cmd;C:\\Program Files\\Microsoft SQL Server\\Client SDK\\ODBC\\130\\Tools\\Binn\\;C:\\Program Files (x86)\\Microsoft SQL Server\\140\\Tools\\Binn\\;C:\\Program Files\\Microsoft SQL Server\\140\\Tools\\Binn\\;C:\\Program Files\\Microsoft SQL Server\\140\\DTS\\Binn\\;C:\\Program Files (x86)\\Microsoft SQL Server\\150\\DTS\\Binn\\;C:\\Windows\\system32\\config\\systemprofile\\AppData\\Local\\Microsoft\\WindowsApps'
    'SystemRoot' => 'C:\\Windows'
    'COMSPEC' => 'C:\\Windows\\system32\\cmd.exe'
    'PATHEXT' => '.COM;.EXE;.BAT;.CMD;.VBS;.VBE;.JS;.JSE;.WSF;.WSH;.MSC'
    'WINDIR' => 'C:\\Windows'
    'SERVER_SIGNATURE' => '<address>Apache/2.4.46 (Win64) PHP/7.4.9 Server at localhost Port 80</address>
'
    'SERVER_SOFTWARE' => 'Apache/2.4.46 (Win64) PHP/7.4.9'
    'SERVER_NAME' => 'localhost'
    'SERVER_ADDR' => '::1'
    'SERVER_PORT' => '80'
    'REMOTE_ADDR' => '::1'
    'DOCUMENT_ROOT' => 'C:/wamp64/www'
    'REQUEST_SCHEME' => 'http'
    'CONTEXT_PREFIX' => ''
    'CONTEXT_DOCUMENT_ROOT' => 'C:/wamp64/www'
    'SERVER_ADMIN' => 'wampserver@wampserver.invalid'
    'SCRIPT_FILENAME' => 'C:/wamp64/www/Hora-da-Papa/backend/web/index.php'
    'REMOTE_PORT' => '56782'
    'GATEWAY_INTERFACE' => 'CGI/1.1'
    'SERVER_PROTOCOL' => 'HTTP/1.1'
    'REQUEST_METHOD' => 'POST'
    'QUERY_STRING' => 'r=gii%2Fdefault%2Fview&id=crud'
    'REQUEST_URI' => '/hora-da-papa/backend/web/index.php?r=gii%2Fdefault%2Fview&id=crud'
    'SCRIPT_NAME' => '/hora-da-papa/backend/web/index.php'
    'PHP_SELF' => '/hora-da-papa/backend/web/index.php'
    'REQUEST_TIME_FLOAT' => 1605628998.7342
    'REQUEST_TIME' => 1605628998
]
2020-11-17 16:08:38 [::1][1][kf19fgp8451keimimfrdrcqfc5][error][yii\base\UnknownClassException] yii\base\UnknownClassException: Unable to find 'backend\controllers\UtilizadorController' in file: C:\wamp64\www\Hora-da-Papa/backend/controllers/UtilizadorController.php. Namespace missing? in C:\wamp64\www\Hora-da-Papa\vendor\yiisoft\yii2\BaseYii.php:296
Stack trace:
#0 [internal function]: yii\BaseYii::autoload('backend\\control...')
#1 [internal function]: spl_autoload_call('backend\\control...')
#2 C:\wamp64\www\Hora-da-Papa\vendor\yiisoft\yii2\base\Module.php(637): class_exists('backend\\control...')
#3 C:\wamp64\www\Hora-da-Papa\vendor\yiisoft\yii2\base\Module.php(596): yii\base\Module->createControllerByID('utilizador')
#4 C:\wamp64\www\Hora-da-Papa\vendor\yiisoft\yii2\base\Module.php(522): yii\base\Module->createController('')
#5 C:\wamp64\www\Hora-da-Papa\vendor\yiisoft\yii2\web\Application.php(103): yii\base\Module->runAction('utilizador', Array)
#6 C:\wamp64\www\Hora-da-Papa\vendor\yiisoft\yii2\base\Application.php(386): yii\web\Application->handleRequest(Object(yii\web\Request))
#7 C:\wamp64\www\Hora-da-Papa\backend\web\index.php(17): yii\base\Application->run()
#8 {main}
2020-11-17 16:08:37 [::1][1][kf19fgp8451keimimfrdrcqfc5][info][application] $_GET = [
    'r' => 'utilizador'
]

$_POST = []

$_FILES = []

$_COOKIE = [
    '_csrf-frontend' => 'ec433b8fb18a09199fc9ec2081bd894a4f0ec891a7b33681bc1e69ae8198b72fa:2:{i:0;s:14:\"_csrf-frontend\";i:1;s:32:\"vDByfDjFz9-M-StBj35i6CR1ujMrfnXC\";}'
    'advanced-frontend' => '6e5hcumr1fs0bh2l4fn7e6bhvf'
    'advanced-backend' => 'kf19fgp8451keimimfrdrcqfc5'
    '_identity-backend' => 'e8b1e64b21012b750dc14fcb9c71459271f714c3a7388ae121239338ab4fd5a3a:2:{i:0;s:17:\"_identity-backend\";i:1;s:46:\"[1,\"vRWMtsY18dOVs9Y9BNleDrhHbXTVYYG_\",2592000]\";}'
    '_csrf-backend' => '4e11b6f85ddfeeec3b5f918dde481d8dec2778b7eb03ea6fb5511396edac3930a:2:{i:0;s:13:\"_csrf-backend\";i:1;s:32:\"LPCbHt42BOjT-uEWHpyvyB1kEfUDJd9_\";}'
]

$_SESSION = [
    '__flash' => []
    '__returnUrl' => 'http://localhost/hora-da-papa/backend/web/'
    '__id' => 1
]

$_SERVER = [
    'HTTP_HOST' => 'localhost'
    'HTTP_CONNECTION' => 'keep-alive'
    'HTTP_DNT' => '1'
    'HTTP_UPGRADE_INSECURE_REQUESTS' => '1'
    'HTTP_USER_AGENT' => 'Mozilla/5.0 (Windows NT 10.0; Win64; x64) AppleWebKit/537.36 (KHTML, like Gecko) Chrome/86.0.4240.198 Safari/537.36'
    'HTTP_ACCEPT' => 'text/html,application/xhtml+xml,application/xml;q=0.9,image/avif,image/webp,image/apng,*/*;q=0.8,application/signed-exchange;v=b3;q=0.9'
    'HTTP_SEC_FETCH_SITE' => 'none'
    'HTTP_SEC_FETCH_MODE' => 'navigate'
    'HTTP_SEC_FETCH_USER' => '?1'
    'HTTP_SEC_FETCH_DEST' => 'document'
    'HTTP_ACCEPT_ENCODING' => 'gzip, deflate, br'
    'HTTP_ACCEPT_LANGUAGE' => 'pt-PT,pt;q=0.9,en-US;q=0.8,en;q=0.7'
    'HTTP_COOKIE' => '_csrf-frontend=ec433b8fb18a09199fc9ec2081bd894a4f0ec891a7b33681bc1e69ae8198b72fa%3A2%3A%7Bi%3A0%3Bs%3A14%3A%22_csrf-frontend%22%3Bi%3A1%3Bs%3A32%3A%22vDByfDjFz9-M-StBj35i6CR1ujMrfnXC%22%3B%7D; advanced-frontend=6e5hcumr1fs0bh2l4fn7e6bhvf; advanced-backend=kf19fgp8451keimimfrdrcqfc5; _identity-backend=e8b1e64b21012b750dc14fcb9c71459271f714c3a7388ae121239338ab4fd5a3a%3A2%3A%7Bi%3A0%3Bs%3A17%3A%22_identity-backend%22%3Bi%3A1%3Bs%3A46%3A%22%5B1%2C%22vRWMtsY18dOVs9Y9BNleDrhHbXTVYYG_%22%2C2592000%5D%22%3B%7D; _csrf-backend=4e11b6f85ddfeeec3b5f918dde481d8dec2778b7eb03ea6fb5511396edac3930a%3A2%3A%7Bi%3A0%3Bs%3A13%3A%22_csrf-backend%22%3Bi%3A1%3Bs%3A32%3A%22LPCbHt42BOjT-uEWHpyvyB1kEfUDJd9_%22%3B%7D'
    'PATH' => 'C:\\Program Files\\AdoptOpenJDK\\jdk-14.0.2.12-hotspot\\bin;C:\\Program Files\\Common Files\\Oracle\\Java\\javapath;C:\\Windows\\system32;C:\\Windows;C:\\Windows\\System32\\Wbem;C:\\Windows\\System32\\WindowsPowerShell\\v1.0\\;C:\\Windows\\System32\\OpenSSH\\;C:\\wamp64\\bin\\php\\php5.6.40;C:\\ProgramData\\ComposerSetup\\bin;C:\\Program Files\\dotnet\\;C:\\Program Files\\Microsoft SQL Server\\130\\Tools\\Binn\\;C:\\Program Files\\Microsoft SQL Server\\Client SDK\\ODBC\\170\\Tools\\Binn\\;C:\\Program Files\\Docker\\Docker\\resources\\bin;C:\\ProgramData\\DockerDesktop\\version-bin;C:\\Program Files\\Git\\cmd;C:\\Program Files\\Microsoft SQL Server\\Client SDK\\ODBC\\130\\Tools\\Binn\\;C:\\Program Files (x86)\\Microsoft SQL Server\\140\\Tools\\Binn\\;C:\\Program Files\\Microsoft SQL Server\\140\\Tools\\Binn\\;C:\\Program Files\\Microsoft SQL Server\\140\\DTS\\Binn\\;C:\\Program Files (x86)\\Microsoft SQL Server\\150\\DTS\\Binn\\;C:\\Windows\\system32\\config\\systemprofile\\AppData\\Local\\Microsoft\\WindowsApps'
    'SystemRoot' => 'C:\\Windows'
    'COMSPEC' => 'C:\\Windows\\system32\\cmd.exe'
    'PATHEXT' => '.COM;.EXE;.BAT;.CMD;.VBS;.VBE;.JS;.JSE;.WSF;.WSH;.MSC'
    'WINDIR' => 'C:\\Windows'
    'SERVER_SIGNATURE' => '<address>Apache/2.4.46 (Win64) PHP/7.4.9 Server at localhost Port 80</address>
'
    'SERVER_SOFTWARE' => 'Apache/2.4.46 (Win64) PHP/7.4.9'
    'SERVER_NAME' => 'localhost'
    'SERVER_ADDR' => '::1'
    'SERVER_PORT' => '80'
    'REMOTE_ADDR' => '::1'
    'DOCUMENT_ROOT' => 'C:/wamp64/www'
    'REQUEST_SCHEME' => 'http'
    'CONTEXT_PREFIX' => ''
    'CONTEXT_DOCUMENT_ROOT' => 'C:/wamp64/www'
    'SERVER_ADMIN' => 'wampserver@wampserver.invalid'
    'SCRIPT_FILENAME' => 'C:/wamp64/www/Hora-da-Papa/backend/web/index.php'
    'REMOTE_PORT' => '58033'
    'GATEWAY_INTERFACE' => 'CGI/1.1'
    'SERVER_PROTOCOL' => 'HTTP/1.1'
    'REQUEST_METHOD' => 'GET'
    'QUERY_STRING' => 'r=utilizador'
    'REQUEST_URI' => '/hora-da-papa/backend/web/index.php?r=utilizador'
    'SCRIPT_NAME' => '/hora-da-papa/backend/web/index.php'
    'PHP_SELF' => '/hora-da-papa/backend/web/index.php'
    'REQUEST_TIME_FLOAT' => 1605629317.9109
    'REQUEST_TIME' => 1605629317
]
2020-11-17 16:11:34 [::1][1][kf19fgp8451keimimfrdrcqfc5][error][yii\base\UnknownClassException] yii\base\UnknownClassException: Unable to find 'backend\controllers\UtilizadorController' in file: C:\wamp64\www\Hora-da-Papa/backend/controllers/UtilizadorController.php. Namespace missing? in C:\wamp64\www\Hora-da-Papa\vendor\yiisoft\yii2\BaseYii.php:296
Stack trace:
#0 [internal function]: yii\BaseYii::autoload('backend\\control...')
#1 [internal function]: spl_autoload_call('backend\\control...')
#2 C:\wamp64\www\Hora-da-Papa\vendor\yiisoft\yii2\base\Module.php(637): class_exists('backend\\control...')
#3 C:\wamp64\www\Hora-da-Papa\vendor\yiisoft\yii2\base\Module.php(596): yii\base\Module->createControllerByID('utilizador')
#4 C:\wamp64\www\Hora-da-Papa\vendor\yiisoft\yii2\base\Module.php(522): yii\base\Module->createController('')
#5 C:\wamp64\www\Hora-da-Papa\vendor\yiisoft\yii2\web\Application.php(103): yii\base\Module->runAction('utilizador', Array)
#6 C:\wamp64\www\Hora-da-Papa\vendor\yiisoft\yii2\base\Application.php(386): yii\web\Application->handleRequest(Object(yii\web\Request))
#7 C:\wamp64\www\Hora-da-Papa\backend\web\index.php(17): yii\base\Application->run()
#8 {main}
2020-11-17 16:11:34 [::1][1][kf19fgp8451keimimfrdrcqfc5][info][application] $_GET = [
    'r' => 'utilizador'
]

$_POST = []

$_FILES = []

$_COOKIE = [
    '_csrf-frontend' => 'ec433b8fb18a09199fc9ec2081bd894a4f0ec891a7b33681bc1e69ae8198b72fa:2:{i:0;s:14:\"_csrf-frontend\";i:1;s:32:\"vDByfDjFz9-M-StBj35i6CR1ujMrfnXC\";}'
    'advanced-frontend' => '6e5hcumr1fs0bh2l4fn7e6bhvf'
    'advanced-backend' => 'kf19fgp8451keimimfrdrcqfc5'
    '_identity-backend' => 'e8b1e64b21012b750dc14fcb9c71459271f714c3a7388ae121239338ab4fd5a3a:2:{i:0;s:17:\"_identity-backend\";i:1;s:46:\"[1,\"vRWMtsY18dOVs9Y9BNleDrhHbXTVYYG_\",2592000]\";}'
    '_csrf-backend' => '4e11b6f85ddfeeec3b5f918dde481d8dec2778b7eb03ea6fb5511396edac3930a:2:{i:0;s:13:\"_csrf-backend\";i:1;s:32:\"LPCbHt42BOjT-uEWHpyvyB1kEfUDJd9_\";}'
]

$_SESSION = [
    '__flash' => []
    '__returnUrl' => 'http://localhost/hora-da-papa/backend/web/'
    '__id' => 1
]

$_SERVER = [
    'HTTP_HOST' => 'localhost'
    'HTTP_CONNECTION' => 'keep-alive'
    'HTTP_CACHE_CONTROL' => 'max-age=0'
    'HTTP_DNT' => '1'
    'HTTP_UPGRADE_INSECURE_REQUESTS' => '1'
    'HTTP_USER_AGENT' => 'Mozilla/5.0 (Windows NT 10.0; Win64; x64) AppleWebKit/537.36 (KHTML, like Gecko) Chrome/86.0.4240.198 Safari/537.36'
    'HTTP_ACCEPT' => 'text/html,application/xhtml+xml,application/xml;q=0.9,image/avif,image/webp,image/apng,*/*;q=0.8,application/signed-exchange;v=b3;q=0.9'
    'HTTP_SEC_FETCH_SITE' => 'none'
    'HTTP_SEC_FETCH_MODE' => 'navigate'
    'HTTP_SEC_FETCH_USER' => '?1'
    'HTTP_SEC_FETCH_DEST' => 'document'
    'HTTP_ACCEPT_ENCODING' => 'gzip, deflate, br'
    'HTTP_ACCEPT_LANGUAGE' => 'pt-PT,pt;q=0.9,en-US;q=0.8,en;q=0.7'
    'HTTP_COOKIE' => '_csrf-frontend=ec433b8fb18a09199fc9ec2081bd894a4f0ec891a7b33681bc1e69ae8198b72fa%3A2%3A%7Bi%3A0%3Bs%3A14%3A%22_csrf-frontend%22%3Bi%3A1%3Bs%3A32%3A%22vDByfDjFz9-M-StBj35i6CR1ujMrfnXC%22%3B%7D; advanced-frontend=6e5hcumr1fs0bh2l4fn7e6bhvf; advanced-backend=kf19fgp8451keimimfrdrcqfc5; _identity-backend=e8b1e64b21012b750dc14fcb9c71459271f714c3a7388ae121239338ab4fd5a3a%3A2%3A%7Bi%3A0%3Bs%3A17%3A%22_identity-backend%22%3Bi%3A1%3Bs%3A46%3A%22%5B1%2C%22vRWMtsY18dOVs9Y9BNleDrhHbXTVYYG_%22%2C2592000%5D%22%3B%7D; _csrf-backend=4e11b6f85ddfeeec3b5f918dde481d8dec2778b7eb03ea6fb5511396edac3930a%3A2%3A%7Bi%3A0%3Bs%3A13%3A%22_csrf-backend%22%3Bi%3A1%3Bs%3A32%3A%22LPCbHt42BOjT-uEWHpyvyB1kEfUDJd9_%22%3B%7D'
    'PATH' => 'C:\\Program Files\\AdoptOpenJDK\\jdk-14.0.2.12-hotspot\\bin;C:\\Program Files\\Common Files\\Oracle\\Java\\javapath;C:\\Windows\\system32;C:\\Windows;C:\\Windows\\System32\\Wbem;C:\\Windows\\System32\\WindowsPowerShell\\v1.0\\;C:\\Windows\\System32\\OpenSSH\\;C:\\wamp64\\bin\\php\\php5.6.40;C:\\ProgramData\\ComposerSetup\\bin;C:\\Program Files\\dotnet\\;C:\\Program Files\\Microsoft SQL Server\\130\\Tools\\Binn\\;C:\\Program Files\\Microsoft SQL Server\\Client SDK\\ODBC\\170\\Tools\\Binn\\;C:\\Program Files\\Docker\\Docker\\resources\\bin;C:\\ProgramData\\DockerDesktop\\version-bin;C:\\Program Files\\Git\\cmd;C:\\Program Files\\Microsoft SQL Server\\Client SDK\\ODBC\\130\\Tools\\Binn\\;C:\\Program Files (x86)\\Microsoft SQL Server\\140\\Tools\\Binn\\;C:\\Program Files\\Microsoft SQL Server\\140\\Tools\\Binn\\;C:\\Program Files\\Microsoft SQL Server\\140\\DTS\\Binn\\;C:\\Program Files (x86)\\Microsoft SQL Server\\150\\DTS\\Binn\\;C:\\Windows\\system32\\config\\systemprofile\\AppData\\Local\\Microsoft\\WindowsApps'
    'SystemRoot' => 'C:\\Windows'
    'COMSPEC' => 'C:\\Windows\\system32\\cmd.exe'
    'PATHEXT' => '.COM;.EXE;.BAT;.CMD;.VBS;.VBE;.JS;.JSE;.WSF;.WSH;.MSC'
    'WINDIR' => 'C:\\Windows'
    'SERVER_SIGNATURE' => '<address>Apache/2.4.46 (Win64) PHP/7.4.9 Server at localhost Port 80</address>
'
    'SERVER_SOFTWARE' => 'Apache/2.4.46 (Win64) PHP/7.4.9'
    'SERVER_NAME' => 'localhost'
    'SERVER_ADDR' => '::1'
    'SERVER_PORT' => '80'
    'REMOTE_ADDR' => '::1'
    'DOCUMENT_ROOT' => 'C:/wamp64/www'
    'REQUEST_SCHEME' => 'http'
    'CONTEXT_PREFIX' => ''
    'CONTEXT_DOCUMENT_ROOT' => 'C:/wamp64/www'
    'SERVER_ADMIN' => 'wampserver@wampserver.invalid'
    'SCRIPT_FILENAME' => 'C:/wamp64/www/Hora-da-Papa/backend/web/index.php'
    'REMOTE_PORT' => '58815'
    'GATEWAY_INTERFACE' => 'CGI/1.1'
    'SERVER_PROTOCOL' => 'HTTP/1.1'
    'REQUEST_METHOD' => 'GET'
    'QUERY_STRING' => 'r=utilizador'
    'REQUEST_URI' => '/hora-da-papa/backend/web/index.php?r=utilizador'
    'SCRIPT_NAME' => '/hora-da-papa/backend/web/index.php'
    'PHP_SELF' => '/hora-da-papa/backend/web/index.php'
    'REQUEST_TIME_FLOAT' => 1605629494.4961
    'REQUEST_TIME' => 1605629494
]
2020-11-17 16:11:44 [::1][1][kf19fgp8451keimimfrdrcqfc5][error][yii\base\UnknownClassException] yii\base\UnknownClassException: Unable to find 'backend\controllers\UtilizadorController' in file: C:\wamp64\www\Hora-da-Papa/backend/controllers/UtilizadorController.php. Namespace missing? in C:\wamp64\www\Hora-da-Papa\vendor\yiisoft\yii2\BaseYii.php:296
Stack trace:
#0 [internal function]: yii\BaseYii::autoload('backend\\control...')
#1 [internal function]: spl_autoload_call('backend\\control...')
#2 C:\wamp64\www\Hora-da-Papa\vendor\yiisoft\yii2\base\Module.php(637): class_exists('backend\\control...')
#3 C:\wamp64\www\Hora-da-Papa\vendor\yiisoft\yii2\base\Module.php(596): yii\base\Module->createControllerByID('utilizador')
#4 C:\wamp64\www\Hora-da-Papa\vendor\yiisoft\yii2\base\Module.php(522): yii\base\Module->createController('index')
#5 C:\wamp64\www\Hora-da-Papa\vendor\yiisoft\yii2\web\Application.php(103): yii\base\Module->runAction('utilizador/inde...', Array)
#6 C:\wamp64\www\Hora-da-Papa\vendor\yiisoft\yii2\base\Application.php(386): yii\web\Application->handleRequest(Object(yii\web\Request))
#7 C:\wamp64\www\Hora-da-Papa\backend\web\index.php(17): yii\base\Application->run()
#8 {main}
2020-11-17 16:11:44 [::1][1][kf19fgp8451keimimfrdrcqfc5][info][application] $_GET = [
    'r' => 'utilizador/index'
]

$_POST = []

$_FILES = []

$_COOKIE = [
    '_csrf-frontend' => 'ec433b8fb18a09199fc9ec2081bd894a4f0ec891a7b33681bc1e69ae8198b72fa:2:{i:0;s:14:\"_csrf-frontend\";i:1;s:32:\"vDByfDjFz9-M-StBj35i6CR1ujMrfnXC\";}'
    'advanced-frontend' => '6e5hcumr1fs0bh2l4fn7e6bhvf'
    'advanced-backend' => 'kf19fgp8451keimimfrdrcqfc5'
    '_identity-backend' => 'e8b1e64b21012b750dc14fcb9c71459271f714c3a7388ae121239338ab4fd5a3a:2:{i:0;s:17:\"_identity-backend\";i:1;s:46:\"[1,\"vRWMtsY18dOVs9Y9BNleDrhHbXTVYYG_\",2592000]\";}'
    '_csrf-backend' => '4e11b6f85ddfeeec3b5f918dde481d8dec2778b7eb03ea6fb5511396edac3930a:2:{i:0;s:13:\"_csrf-backend\";i:1;s:32:\"LPCbHt42BOjT-uEWHpyvyB1kEfUDJd9_\";}'
]

$_SESSION = [
    '__flash' => []
    '__returnUrl' => 'http://localhost/hora-da-papa/backend/web/'
    '__id' => 1
]

$_SERVER = [
    'HTTP_HOST' => 'localhost'
    'HTTP_CONNECTION' => 'keep-alive'
    'HTTP_DNT' => '1'
    'HTTP_UPGRADE_INSECURE_REQUESTS' => '1'
    'HTTP_USER_AGENT' => 'Mozilla/5.0 (Windows NT 10.0; Win64; x64) AppleWebKit/537.36 (KHTML, like Gecko) Chrome/86.0.4240.198 Safari/537.36'
    'HTTP_ACCEPT' => 'text/html,application/xhtml+xml,application/xml;q=0.9,image/avif,image/webp,image/apng,*/*;q=0.8,application/signed-exchange;v=b3;q=0.9'
    'HTTP_SEC_FETCH_SITE' => 'none'
    'HTTP_SEC_FETCH_MODE' => 'navigate'
    'HTTP_SEC_FETCH_USER' => '?1'
    'HTTP_SEC_FETCH_DEST' => 'document'
    'HTTP_ACCEPT_ENCODING' => 'gzip, deflate, br'
    'HTTP_ACCEPT_LANGUAGE' => 'pt-PT,pt;q=0.9,en-US;q=0.8,en;q=0.7'
    'HTTP_COOKIE' => '_csrf-frontend=ec433b8fb18a09199fc9ec2081bd894a4f0ec891a7b33681bc1e69ae8198b72fa%3A2%3A%7Bi%3A0%3Bs%3A14%3A%22_csrf-frontend%22%3Bi%3A1%3Bs%3A32%3A%22vDByfDjFz9-M-StBj35i6CR1ujMrfnXC%22%3B%7D; advanced-frontend=6e5hcumr1fs0bh2l4fn7e6bhvf; advanced-backend=kf19fgp8451keimimfrdrcqfc5; _identity-backend=e8b1e64b21012b750dc14fcb9c71459271f714c3a7388ae121239338ab4fd5a3a%3A2%3A%7Bi%3A0%3Bs%3A17%3A%22_identity-backend%22%3Bi%3A1%3Bs%3A46%3A%22%5B1%2C%22vRWMtsY18dOVs9Y9BNleDrhHbXTVYYG_%22%2C2592000%5D%22%3B%7D; _csrf-backend=4e11b6f85ddfeeec3b5f918dde481d8dec2778b7eb03ea6fb5511396edac3930a%3A2%3A%7Bi%3A0%3Bs%3A13%3A%22_csrf-backend%22%3Bi%3A1%3Bs%3A32%3A%22LPCbHt42BOjT-uEWHpyvyB1kEfUDJd9_%22%3B%7D'
    'PATH' => 'C:\\Program Files\\AdoptOpenJDK\\jdk-14.0.2.12-hotspot\\bin;C:\\Program Files\\Common Files\\Oracle\\Java\\javapath;C:\\Windows\\system32;C:\\Windows;C:\\Windows\\System32\\Wbem;C:\\Windows\\System32\\WindowsPowerShell\\v1.0\\;C:\\Windows\\System32\\OpenSSH\\;C:\\wamp64\\bin\\php\\php5.6.40;C:\\ProgramData\\ComposerSetup\\bin;C:\\Program Files\\dotnet\\;C:\\Program Files\\Microsoft SQL Server\\130\\Tools\\Binn\\;C:\\Program Files\\Microsoft SQL Server\\Client SDK\\ODBC\\170\\Tools\\Binn\\;C:\\Program Files\\Docker\\Docker\\resources\\bin;C:\\ProgramData\\DockerDesktop\\version-bin;C:\\Program Files\\Git\\cmd;C:\\Program Files\\Microsoft SQL Server\\Client SDK\\ODBC\\130\\Tools\\Binn\\;C:\\Program Files (x86)\\Microsoft SQL Server\\140\\Tools\\Binn\\;C:\\Program Files\\Microsoft SQL Server\\140\\Tools\\Binn\\;C:\\Program Files\\Microsoft SQL Server\\140\\DTS\\Binn\\;C:\\Program Files (x86)\\Microsoft SQL Server\\150\\DTS\\Binn\\;C:\\Windows\\system32\\config\\systemprofile\\AppData\\Local\\Microsoft\\WindowsApps'
    'SystemRoot' => 'C:\\Windows'
    'COMSPEC' => 'C:\\Windows\\system32\\cmd.exe'
    'PATHEXT' => '.COM;.EXE;.BAT;.CMD;.VBS;.VBE;.JS;.JSE;.WSF;.WSH;.MSC'
    'WINDIR' => 'C:\\Windows'
    'SERVER_SIGNATURE' => '<address>Apache/2.4.46 (Win64) PHP/7.4.9 Server at localhost Port 80</address>
'
    'SERVER_SOFTWARE' => 'Apache/2.4.46 (Win64) PHP/7.4.9'
    'SERVER_NAME' => 'localhost'
    'SERVER_ADDR' => '::1'
    'SERVER_PORT' => '80'
    'REMOTE_ADDR' => '::1'
    'DOCUMENT_ROOT' => 'C:/wamp64/www'
    'REQUEST_SCHEME' => 'http'
    'CONTEXT_PREFIX' => ''
    'CONTEXT_DOCUMENT_ROOT' => 'C:/wamp64/www'
    'SERVER_ADMIN' => 'wampserver@wampserver.invalid'
    'SCRIPT_FILENAME' => 'C:/wamp64/www/Hora-da-Papa/backend/web/index.php'
    'REMOTE_PORT' => '58825'
    'GATEWAY_INTERFACE' => 'CGI/1.1'
    'SERVER_PROTOCOL' => 'HTTP/1.1'
    'REQUEST_METHOD' => 'GET'
    'QUERY_STRING' => 'r=utilizador%2Findex'
    'REQUEST_URI' => '/hora-da-papa/backend/web/index.php?r=utilizador%2Findex'
    'SCRIPT_NAME' => '/hora-da-papa/backend/web/index.php'
    'PHP_SELF' => '/hora-da-papa/backend/web/index.php'
    'REQUEST_TIME_FLOAT' => 1605629504.4848
    'REQUEST_TIME' => 1605629504
]
2020-11-17 16:13:28 [::1][1][kf19fgp8451keimimfrdrcqfc5][error][yii\base\ViewNotFoundException] yii\base\ViewNotFoundException: The view file does not exist: C:\wamp64\www\Hora-da-Papa\backend\views\utilizador\index.php in C:\wamp64\www\Hora-da-Papa\vendor\yiisoft\yii2\base\View.php:233
Stack trace:
#0 C:\wamp64\www\Hora-da-Papa\vendor\yiisoft\yii2\base\View.php(156): yii\base\View->renderFile('C:\\wamp64\\www\\H...', Array, Object(backend\controllers\UtilizadorController))
#1 C:\wamp64\www\Hora-da-Papa\vendor\yiisoft\yii2\base\Controller.php(409): yii\base\View->render('index', Array, Object(backend\controllers\UtilizadorController))
#2 C:\wamp64\www\Hora-da-Papa\backend\controllers\UtilizadorController.php(43): yii\base\Controller->render('index', Array)
#3 [internal function]: backend\controllers\UtilizadorController->actionIndex()
#4 C:\wamp64\www\Hora-da-Papa\vendor\yiisoft\yii2\base\InlineAction.php(57): call_user_func_array(Array, Array)
#5 C:\wamp64\www\Hora-da-Papa\vendor\yiisoft\yii2\base\Controller.php(180): yii\base\InlineAction->runWithParams(Array)
#6 C:\wamp64\www\Hora-da-Papa\vendor\yiisoft\yii2\base\Module.php(528): yii\base\Controller->runAction('index', Array)
#7 C:\wamp64\www\Hora-da-Papa\vendor\yiisoft\yii2\web\Application.php(103): yii\base\Module->runAction('utilizador/inde...', Array)
#8 C:\wamp64\www\Hora-da-Papa\vendor\yiisoft\yii2\base\Application.php(386): yii\web\Application->handleRequest(Object(yii\web\Request))
#9 C:\wamp64\www\Hora-da-Papa\backend\web\index.php(17): yii\base\Application->run()
#10 {main}
2020-11-17 16:13:27 [::1][1][kf19fgp8451keimimfrdrcqfc5][info][application] $_GET = [
    'r' => 'utilizador/index'
]

$_POST = []

$_FILES = []

$_COOKIE = [
    '_csrf-frontend' => 'ec433b8fb18a09199fc9ec2081bd894a4f0ec891a7b33681bc1e69ae8198b72fa:2:{i:0;s:14:\"_csrf-frontend\";i:1;s:32:\"vDByfDjFz9-M-StBj35i6CR1ujMrfnXC\";}'
    'advanced-frontend' => '6e5hcumr1fs0bh2l4fn7e6bhvf'
    'advanced-backend' => 'kf19fgp8451keimimfrdrcqfc5'
    '_identity-backend' => 'e8b1e64b21012b750dc14fcb9c71459271f714c3a7388ae121239338ab4fd5a3a:2:{i:0;s:17:\"_identity-backend\";i:1;s:46:\"[1,\"vRWMtsY18dOVs9Y9BNleDrhHbXTVYYG_\",2592000]\";}'
    '_csrf-backend' => '4e11b6f85ddfeeec3b5f918dde481d8dec2778b7eb03ea6fb5511396edac3930a:2:{i:0;s:13:\"_csrf-backend\";i:1;s:32:\"LPCbHt42BOjT-uEWHpyvyB1kEfUDJd9_\";}'
]

$_SESSION = [
    '__flash' => []
    '__returnUrl' => 'http://localhost/hora-da-papa/backend/web/'
    '__id' => 1
]

$_SERVER = [
    'HTTP_HOST' => 'localhost'
    'HTTP_CONNECTION' => 'keep-alive'
    'HTTP_CACHE_CONTROL' => 'max-age=0'
    'HTTP_DNT' => '1'
    'HTTP_UPGRADE_INSECURE_REQUESTS' => '1'
    'HTTP_USER_AGENT' => 'Mozilla/5.0 (Windows NT 10.0; Win64; x64) AppleWebKit/537.36 (KHTML, like Gecko) Chrome/86.0.4240.198 Safari/537.36'
    'HTTP_ACCEPT' => 'text/html,application/xhtml+xml,application/xml;q=0.9,image/avif,image/webp,image/apng,*/*;q=0.8,application/signed-exchange;v=b3;q=0.9'
    'HTTP_SEC_FETCH_SITE' => 'none'
    'HTTP_SEC_FETCH_MODE' => 'navigate'
    'HTTP_SEC_FETCH_USER' => '?1'
    'HTTP_SEC_FETCH_DEST' => 'document'
    'HTTP_ACCEPT_ENCODING' => 'gzip, deflate, br'
    'HTTP_ACCEPT_LANGUAGE' => 'pt-PT,pt;q=0.9,en-US;q=0.8,en;q=0.7'
    'HTTP_COOKIE' => '_csrf-frontend=ec433b8fb18a09199fc9ec2081bd894a4f0ec891a7b33681bc1e69ae8198b72fa%3A2%3A%7Bi%3A0%3Bs%3A14%3A%22_csrf-frontend%22%3Bi%3A1%3Bs%3A32%3A%22vDByfDjFz9-M-StBj35i6CR1ujMrfnXC%22%3B%7D; advanced-frontend=6e5hcumr1fs0bh2l4fn7e6bhvf; advanced-backend=kf19fgp8451keimimfrdrcqfc5; _identity-backend=e8b1e64b21012b750dc14fcb9c71459271f714c3a7388ae121239338ab4fd5a3a%3A2%3A%7Bi%3A0%3Bs%3A17%3A%22_identity-backend%22%3Bi%3A1%3Bs%3A46%3A%22%5B1%2C%22vRWMtsY18dOVs9Y9BNleDrhHbXTVYYG_%22%2C2592000%5D%22%3B%7D; _csrf-backend=4e11b6f85ddfeeec3b5f918dde481d8dec2778b7eb03ea6fb5511396edac3930a%3A2%3A%7Bi%3A0%3Bs%3A13%3A%22_csrf-backend%22%3Bi%3A1%3Bs%3A32%3A%22LPCbHt42BOjT-uEWHpyvyB1kEfUDJd9_%22%3B%7D'
    'PATH' => 'C:\\Program Files\\AdoptOpenJDK\\jdk-14.0.2.12-hotspot\\bin;C:\\Program Files\\Common Files\\Oracle\\Java\\javapath;C:\\Windows\\system32;C:\\Windows;C:\\Windows\\System32\\Wbem;C:\\Windows\\System32\\WindowsPowerShell\\v1.0\\;C:\\Windows\\System32\\OpenSSH\\;C:\\wamp64\\bin\\php\\php5.6.40;C:\\ProgramData\\ComposerSetup\\bin;C:\\Program Files\\dotnet\\;C:\\Program Files\\Microsoft SQL Server\\130\\Tools\\Binn\\;C:\\Program Files\\Microsoft SQL Server\\Client SDK\\ODBC\\170\\Tools\\Binn\\;C:\\Program Files\\Docker\\Docker\\resources\\bin;C:\\ProgramData\\DockerDesktop\\version-bin;C:\\Program Files\\Git\\cmd;C:\\Program Files\\Microsoft SQL Server\\Client SDK\\ODBC\\130\\Tools\\Binn\\;C:\\Program Files (x86)\\Microsoft SQL Server\\140\\Tools\\Binn\\;C:\\Program Files\\Microsoft SQL Server\\140\\Tools\\Binn\\;C:\\Program Files\\Microsoft SQL Server\\140\\DTS\\Binn\\;C:\\Program Files (x86)\\Microsoft SQL Server\\150\\DTS\\Binn\\;C:\\Windows\\system32\\config\\systemprofile\\AppData\\Local\\Microsoft\\WindowsApps'
    'SystemRoot' => 'C:\\Windows'
    'COMSPEC' => 'C:\\Windows\\system32\\cmd.exe'
    'PATHEXT' => '.COM;.EXE;.BAT;.CMD;.VBS;.VBE;.JS;.JSE;.WSF;.WSH;.MSC'
    'WINDIR' => 'C:\\Windows'
    'SERVER_SIGNATURE' => '<address>Apache/2.4.46 (Win64) PHP/7.4.9 Server at localhost Port 80</address>
'
    'SERVER_SOFTWARE' => 'Apache/2.4.46 (Win64) PHP/7.4.9'
    'SERVER_NAME' => 'localhost'
    'SERVER_ADDR' => '::1'
    'SERVER_PORT' => '80'
    'REMOTE_ADDR' => '::1'
    'DOCUMENT_ROOT' => 'C:/wamp64/www'
    'REQUEST_SCHEME' => 'http'
    'CONTEXT_PREFIX' => ''
    'CONTEXT_DOCUMENT_ROOT' => 'C:/wamp64/www'
    'SERVER_ADMIN' => 'wampserver@wampserver.invalid'
    'SCRIPT_FILENAME' => 'C:/wamp64/www/Hora-da-Papa/backend/web/index.php'
    'REMOTE_PORT' => '59273'
    'GATEWAY_INTERFACE' => 'CGI/1.1'
    'SERVER_PROTOCOL' => 'HTTP/1.1'
    'REQUEST_METHOD' => 'GET'
    'QUERY_STRING' => 'r=utilizador%2Findex'
    'REQUEST_URI' => '/hora-da-papa/backend/web/index.php?r=utilizador%2Findex'
    'SCRIPT_NAME' => '/hora-da-papa/backend/web/index.php'
    'PHP_SELF' => '/hora-da-papa/backend/web/index.php'
    'REQUEST_TIME_FLOAT' => 1605629607.8466
    'REQUEST_TIME' => 1605629607
]
2020-11-17 16:14:04 [::1][1][kf19fgp8451keimimfrdrcqfc5][error][yii\base\ViewNotFoundException] yii\base\ViewNotFoundException: The view file does not exist: C:\wamp64\www\Hora-da-Papa\backend\views\utilizador\index.php in C:\wamp64\www\Hora-da-Papa\vendor\yiisoft\yii2\base\View.php:233
Stack trace:
#0 C:\wamp64\www\Hora-da-Papa\vendor\yiisoft\yii2\base\View.php(156): yii\base\View->renderFile('C:\\wamp64\\www\\H...', Array, Object(backend\controllers\UtilizadorController))
#1 C:\wamp64\www\Hora-da-Papa\vendor\yiisoft\yii2\base\Controller.php(409): yii\base\View->render('index', Array, Object(backend\controllers\UtilizadorController))
#2 C:\wamp64\www\Hora-da-Papa\backend\controllers\UtilizadorController.php(43): yii\base\Controller->render('index', Array)
#3 [internal function]: backend\controllers\UtilizadorController->actionIndex()
#4 C:\wamp64\www\Hora-da-Papa\vendor\yiisoft\yii2\base\InlineAction.php(57): call_user_func_array(Array, Array)
#5 C:\wamp64\www\Hora-da-Papa\vendor\yiisoft\yii2\base\Controller.php(180): yii\base\InlineAction->runWithParams(Array)
#6 C:\wamp64\www\Hora-da-Papa\vendor\yiisoft\yii2\base\Module.php(528): yii\base\Controller->runAction('', Array)
#7 C:\wamp64\www\Hora-da-Papa\vendor\yiisoft\yii2\web\Application.php(103): yii\base\Module->runAction('utilizador', Array)
#8 C:\wamp64\www\Hora-da-Papa\vendor\yiisoft\yii2\base\Application.php(386): yii\web\Application->handleRequest(Object(yii\web\Request))
#9 C:\wamp64\www\Hora-da-Papa\backend\web\index.php(17): yii\base\Application->run()
#10 {main}
2020-11-17 16:14:04 [::1][1][kf19fgp8451keimimfrdrcqfc5][info][application] $_GET = [
    'r' => 'utilizador'
]

$_POST = []

$_FILES = []

$_COOKIE = [
    '_csrf-frontend' => 'ec433b8fb18a09199fc9ec2081bd894a4f0ec891a7b33681bc1e69ae8198b72fa:2:{i:0;s:14:\"_csrf-frontend\";i:1;s:32:\"vDByfDjFz9-M-StBj35i6CR1ujMrfnXC\";}'
    'advanced-frontend' => '6e5hcumr1fs0bh2l4fn7e6bhvf'
    'advanced-backend' => 'kf19fgp8451keimimfrdrcqfc5'
    '_identity-backend' => 'e8b1e64b21012b750dc14fcb9c71459271f714c3a7388ae121239338ab4fd5a3a:2:{i:0;s:17:\"_identity-backend\";i:1;s:46:\"[1,\"vRWMtsY18dOVs9Y9BNleDrhHbXTVYYG_\",2592000]\";}'
    '_csrf-backend' => '4e11b6f85ddfeeec3b5f918dde481d8dec2778b7eb03ea6fb5511396edac3930a:2:{i:0;s:13:\"_csrf-backend\";i:1;s:32:\"LPCbHt42BOjT-uEWHpyvyB1kEfUDJd9_\";}'
]

$_SESSION = [
    '__flash' => []
    '__returnUrl' => 'http://localhost/hora-da-papa/backend/web/'
    '__id' => 1
]

$_SERVER = [
    'HTTP_HOST' => 'localhost'
    'HTTP_CONNECTION' => 'keep-alive'
    'HTTP_DNT' => '1'
    'HTTP_UPGRADE_INSECURE_REQUESTS' => '1'
    'HTTP_USER_AGENT' => 'Mozilla/5.0 (Windows NT 10.0; Win64; x64) AppleWebKit/537.36 (KHTML, like Gecko) Chrome/86.0.4240.198 Safari/537.36'
    'HTTP_ACCEPT' => 'text/html,application/xhtml+xml,application/xml;q=0.9,image/avif,image/webp,image/apng,*/*;q=0.8,application/signed-exchange;v=b3;q=0.9'
    'HTTP_SEC_FETCH_SITE' => 'none'
    'HTTP_SEC_FETCH_MODE' => 'navigate'
    'HTTP_SEC_FETCH_USER' => '?1'
    'HTTP_SEC_FETCH_DEST' => 'document'
    'HTTP_ACCEPT_ENCODING' => 'gzip, deflate, br'
    'HTTP_ACCEPT_LANGUAGE' => 'pt-PT,pt;q=0.9,en-US;q=0.8,en;q=0.7'
    'HTTP_COOKIE' => '_csrf-frontend=ec433b8fb18a09199fc9ec2081bd894a4f0ec891a7b33681bc1e69ae8198b72fa%3A2%3A%7Bi%3A0%3Bs%3A14%3A%22_csrf-frontend%22%3Bi%3A1%3Bs%3A32%3A%22vDByfDjFz9-M-StBj35i6CR1ujMrfnXC%22%3B%7D; advanced-frontend=6e5hcumr1fs0bh2l4fn7e6bhvf; advanced-backend=kf19fgp8451keimimfrdrcqfc5; _identity-backend=e8b1e64b21012b750dc14fcb9c71459271f714c3a7388ae121239338ab4fd5a3a%3A2%3A%7Bi%3A0%3Bs%3A17%3A%22_identity-backend%22%3Bi%3A1%3Bs%3A46%3A%22%5B1%2C%22vRWMtsY18dOVs9Y9BNleDrhHbXTVYYG_%22%2C2592000%5D%22%3B%7D; _csrf-backend=4e11b6f85ddfeeec3b5f918dde481d8dec2778b7eb03ea6fb5511396edac3930a%3A2%3A%7Bi%3A0%3Bs%3A13%3A%22_csrf-backend%22%3Bi%3A1%3Bs%3A32%3A%22LPCbHt42BOjT-uEWHpyvyB1kEfUDJd9_%22%3B%7D'
    'PATH' => 'C:\\Program Files\\AdoptOpenJDK\\jdk-14.0.2.12-hotspot\\bin;C:\\Program Files\\Common Files\\Oracle\\Java\\javapath;C:\\Windows\\system32;C:\\Windows;C:\\Windows\\System32\\Wbem;C:\\Windows\\System32\\WindowsPowerShell\\v1.0\\;C:\\Windows\\System32\\OpenSSH\\;C:\\wamp64\\bin\\php\\php5.6.40;C:\\ProgramData\\ComposerSetup\\bin;C:\\Program Files\\dotnet\\;C:\\Program Files\\Microsoft SQL Server\\130\\Tools\\Binn\\;C:\\Program Files\\Microsoft SQL Server\\Client SDK\\ODBC\\170\\Tools\\Binn\\;C:\\Program Files\\Docker\\Docker\\resources\\bin;C:\\ProgramData\\DockerDesktop\\version-bin;C:\\Program Files\\Git\\cmd;C:\\Program Files\\Microsoft SQL Server\\Client SDK\\ODBC\\130\\Tools\\Binn\\;C:\\Program Files (x86)\\Microsoft SQL Server\\140\\Tools\\Binn\\;C:\\Program Files\\Microsoft SQL Server\\140\\Tools\\Binn\\;C:\\Program Files\\Microsoft SQL Server\\140\\DTS\\Binn\\;C:\\Program Files (x86)\\Microsoft SQL Server\\150\\DTS\\Binn\\;C:\\Windows\\system32\\config\\systemprofile\\AppData\\Local\\Microsoft\\WindowsApps'
    'SystemRoot' => 'C:\\Windows'
    'COMSPEC' => 'C:\\Windows\\system32\\cmd.exe'
    'PATHEXT' => '.COM;.EXE;.BAT;.CMD;.VBS;.VBE;.JS;.JSE;.WSF;.WSH;.MSC'
    'WINDIR' => 'C:\\Windows'
    'SERVER_SIGNATURE' => '<address>Apache/2.4.46 (Win64) PHP/7.4.9 Server at localhost Port 80</address>
'
    'SERVER_SOFTWARE' => 'Apache/2.4.46 (Win64) PHP/7.4.9'
    'SERVER_NAME' => 'localhost'
    'SERVER_ADDR' => '::1'
    'SERVER_PORT' => '80'
    'REMOTE_ADDR' => '::1'
    'DOCUMENT_ROOT' => 'C:/wamp64/www'
    'REQUEST_SCHEME' => 'http'
    'CONTEXT_PREFIX' => ''
    'CONTEXT_DOCUMENT_ROOT' => 'C:/wamp64/www'
    'SERVER_ADMIN' => 'wampserver@wampserver.invalid'
    'SCRIPT_FILENAME' => 'C:/wamp64/www/Hora-da-Papa/backend/web/index.php'
    'REMOTE_PORT' => '59425'
    'GATEWAY_INTERFACE' => 'CGI/1.1'
    'SERVER_PROTOCOL' => 'HTTP/1.1'
    'REQUEST_METHOD' => 'GET'
    'QUERY_STRING' => 'r=utilizador'
    'REQUEST_URI' => '/hora-da-papa/backend/web/index.php?r=utilizador'
    'SCRIPT_NAME' => '/hora-da-papa/backend/web/index.php'
    'PHP_SELF' => '/hora-da-papa/backend/web/index.php'
    'REQUEST_TIME_FLOAT' => 1605629644.4342
    'REQUEST_TIME' => 1605629644
]
2020-11-17 16:36:46 [::1][1][kf19fgp8451keimimfrdrcqfc5][error][yii\web\HttpException:400] yii\web\BadRequestHttpException: Unable to verify your data submission. in C:\wamp64\www\Hora-da-Papa\vendor\yiisoft\yii2\web\Controller.php:202
Stack trace:
#0 C:\wamp64\www\Hora-da-Papa\vendor\yiisoft\yii2-gii\src\controllers\DefaultController.php(38): yii\web\Controller->beforeAction(Object(yii\base\InlineAction))
#1 C:\wamp64\www\Hora-da-Papa\vendor\yiisoft\yii2\base\Controller.php(178): yii\gii\controllers\DefaultController->beforeAction(Object(yii\base\InlineAction))
#2 C:\wamp64\www\Hora-da-Papa\vendor\yiisoft\yii2\base\Module.php(528): yii\base\Controller->runAction('view', Array)
#3 C:\wamp64\www\Hora-da-Papa\vendor\yiisoft\yii2\web\Application.php(103): yii\base\Module->runAction('gii/default/vie...', Array)
#4 C:\wamp64\www\Hora-da-Papa\vendor\yiisoft\yii2\base\Application.php(386): yii\web\Application->handleRequest(Object(yii\web\Request))
#5 C:\wamp64\www\Hora-da-Papa\backend\web\index.php(17): yii\base\Application->run()
#6 {main}
2020-11-17 16:36:46 [::1][1][kf19fgp8451keimimfrdrcqfc5][info][application] $_GET = [
    'r' => 'gii/default/view'
    'id' => 'crud'
]

$_POST = [
    '_csrf-backend' => 'L7vb5voTlH_mRztIckwA8EAz4QoGWNgVYh2Qez0hndps_4iQslbVSaIYcHo4KjK3CVusQnQ6oXZWculLBFXFrw=='
    'Generator' => [
        'modelClass' => 'app\\models\\Venda'
        'searchModelClass' => 'app\\models\\VendaSearch'
        'controllerClass' => 'app\\controllers\\VendaController'
        'viewPath' => '@app/views/venda'
        'baseControllerClass' => 'yii\\web\\Controller'
        'indexWidgetType' => 'grid'
        'enableI18N' => '0'
        'enablePjax' => '0'
        'messageCategory' => 'app'
        'template' => 'default'
    ]
    'preview' => ''
]

$_FILES = []

$_COOKIE = [
    '_csrf-frontend' => 'ec433b8fb18a09199fc9ec2081bd894a4f0ec891a7b33681bc1e69ae8198b72fa:2:{i:0;s:14:\"_csrf-frontend\";i:1;s:32:\"vDByfDjFz9-M-StBj35i6CR1ujMrfnXC\";}'
    'advanced-frontend' => '6e5hcumr1fs0bh2l4fn7e6bhvf'
    'advanced-backend' => 'kf19fgp8451keimimfrdrcqfc5'
    '_identity-backend' => 'e8b1e64b21012b750dc14fcb9c71459271f714c3a7388ae121239338ab4fd5a3a:2:{i:0;s:17:\"_identity-backend\";i:1;s:46:\"[1,\"vRWMtsY18dOVs9Y9BNleDrhHbXTVYYG_\",2592000]\";}'
    '_csrf-backend' => '4e11b6f85ddfeeec3b5f918dde481d8dec2778b7eb03ea6fb5511396edac3930a:2:{i:0;s:13:\"_csrf-backend\";i:1;s:32:\"LPCbHt42BOjT-uEWHpyvyB1kEfUDJd9_\";}'
]

$_SESSION = [
    '__flash' => []
    '__returnUrl' => 'http://localhost/hora-da-papa/backend/web/'
    '__id' => 1
]

$_SERVER = [
    'HTTP_HOST' => 'localhost'
    'HTTP_CONNECTION' => 'keep-alive'
    'CONTENT_LENGTH' => '552'
    'HTTP_CACHE_CONTROL' => 'max-age=0'
    'HTTP_ORIGIN' => 'http://localhost'
    'HTTP_UPGRADE_INSECURE_REQUESTS' => '1'
    'HTTP_DNT' => '1'
    'CONTENT_TYPE' => 'application/x-www-form-urlencoded'
    'HTTP_USER_AGENT' => 'Mozilla/5.0 (Windows NT 10.0; Win64; x64) AppleWebKit/537.36 (KHTML, like Gecko) Chrome/86.0.4240.198 Safari/537.36'
    'HTTP_ACCEPT' => 'text/html,application/xhtml+xml,application/xml;q=0.9,image/avif,image/webp,image/apng,*/*;q=0.8,application/signed-exchange;v=b3;q=0.9'
    'HTTP_SEC_FETCH_SITE' => 'same-origin'
    'HTTP_SEC_FETCH_MODE' => 'navigate'
    'HTTP_SEC_FETCH_USER' => '?1'
    'HTTP_SEC_FETCH_DEST' => 'document'
    'HTTP_REFERER' => 'http://localhost/hora-da-papa/backend/web/index.php?r=gii%2Fdefault%2Fview&id=crud'
    'HTTP_ACCEPT_ENCODING' => 'gzip, deflate, br'
    'HTTP_ACCEPT_LANGUAGE' => 'pt-PT,pt;q=0.9,en-US;q=0.8,en;q=0.7'
    'HTTP_COOKIE' => '_csrf-frontend=ec433b8fb18a09199fc9ec2081bd894a4f0ec891a7b33681bc1e69ae8198b72fa%3A2%3A%7Bi%3A0%3Bs%3A14%3A%22_csrf-frontend%22%3Bi%3A1%3Bs%3A32%3A%22vDByfDjFz9-M-StBj35i6CR1ujMrfnXC%22%3B%7D; advanced-frontend=6e5hcumr1fs0bh2l4fn7e6bhvf; advanced-backend=kf19fgp8451keimimfrdrcqfc5; _identity-backend=e8b1e64b21012b750dc14fcb9c71459271f714c3a7388ae121239338ab4fd5a3a%3A2%3A%7Bi%3A0%3Bs%3A17%3A%22_identity-backend%22%3Bi%3A1%3Bs%3A46%3A%22%5B1%2C%22vRWMtsY18dOVs9Y9BNleDrhHbXTVYYG_%22%2C2592000%5D%22%3B%7D; _csrf-backend=4e11b6f85ddfeeec3b5f918dde481d8dec2778b7eb03ea6fb5511396edac3930a%3A2%3A%7Bi%3A0%3Bs%3A13%3A%22_csrf-backend%22%3Bi%3A1%3Bs%3A32%3A%22LPCbHt42BOjT-uEWHpyvyB1kEfUDJd9_%22%3B%7D'
    'PATH' => 'C:\\Program Files\\AdoptOpenJDK\\jdk-14.0.2.12-hotspot\\bin;C:\\Program Files\\Common Files\\Oracle\\Java\\javapath;C:\\Windows\\system32;C:\\Windows;C:\\Windows\\System32\\Wbem;C:\\Windows\\System32\\WindowsPowerShell\\v1.0\\;C:\\Windows\\System32\\OpenSSH\\;C:\\wamp64\\bin\\php\\php5.6.40;C:\\ProgramData\\ComposerSetup\\bin;C:\\Program Files\\dotnet\\;C:\\Program Files\\Microsoft SQL Server\\130\\Tools\\Binn\\;C:\\Program Files\\Microsoft SQL Server\\Client SDK\\ODBC\\170\\Tools\\Binn\\;C:\\Program Files\\Docker\\Docker\\resources\\bin;C:\\ProgramData\\DockerDesktop\\version-bin;C:\\Program Files\\Git\\cmd;C:\\Program Files\\Microsoft SQL Server\\Client SDK\\ODBC\\130\\Tools\\Binn\\;C:\\Program Files (x86)\\Microsoft SQL Server\\140\\Tools\\Binn\\;C:\\Program Files\\Microsoft SQL Server\\140\\Tools\\Binn\\;C:\\Program Files\\Microsoft SQL Server\\140\\DTS\\Binn\\;C:\\Program Files (x86)\\Microsoft SQL Server\\150\\DTS\\Binn\\;C:\\Windows\\system32\\config\\systemprofile\\AppData\\Local\\Microsoft\\WindowsApps'
    'SystemRoot' => 'C:\\Windows'
    'COMSPEC' => 'C:\\Windows\\system32\\cmd.exe'
    'PATHEXT' => '.COM;.EXE;.BAT;.CMD;.VBS;.VBE;.JS;.JSE;.WSF;.WSH;.MSC'
    'WINDIR' => 'C:\\Windows'
    'SERVER_SIGNATURE' => '<address>Apache/2.4.46 (Win64) PHP/7.4.9 Server at localhost Port 80</address>
'
    'SERVER_SOFTWARE' => 'Apache/2.4.46 (Win64) PHP/7.4.9'
    'SERVER_NAME' => 'localhost'
    'SERVER_ADDR' => '::1'
    'SERVER_PORT' => '80'
    'REMOTE_ADDR' => '::1'
    'DOCUMENT_ROOT' => 'C:/wamp64/www'
    'REQUEST_SCHEME' => 'http'
    'CONTEXT_PREFIX' => ''
    'CONTEXT_DOCUMENT_ROOT' => 'C:/wamp64/www'
    'SERVER_ADMIN' => 'wampserver@wampserver.invalid'
    'SCRIPT_FILENAME' => 'C:/wamp64/www/Hora-da-Papa/backend/web/index.php'
    'REMOTE_PORT' => '64983'
    'GATEWAY_INTERFACE' => 'CGI/1.1'
    'SERVER_PROTOCOL' => 'HTTP/1.1'
    'REQUEST_METHOD' => 'POST'
    'QUERY_STRING' => 'r=gii%2Fdefault%2Fview&id=crud'
    'REQUEST_URI' => '/hora-da-papa/backend/web/index.php?r=gii%2Fdefault%2Fview&id=crud'
    'SCRIPT_NAME' => '/hora-da-papa/backend/web/index.php'
    'PHP_SELF' => '/hora-da-papa/backend/web/index.php'
    'REQUEST_TIME_FLOAT' => 1605631006.3641
    'REQUEST_TIME' => 1605631006
]
2020-11-17 16:36:56 [::1][1][kf19fgp8451keimimfrdrcqfc5][error][yii\web\HttpException:400] yii\web\BadRequestHttpException: Unable to verify your data submission. in C:\wamp64\www\Hora-da-Papa\vendor\yiisoft\yii2\web\Controller.php:202
Stack trace:
#0 C:\wamp64\www\Hora-da-Papa\vendor\yiisoft\yii2-gii\src\controllers\DefaultController.php(38): yii\web\Controller->beforeAction(Object(yii\base\InlineAction))
#1 C:\wamp64\www\Hora-da-Papa\vendor\yiisoft\yii2\base\Controller.php(178): yii\gii\controllers\DefaultController->beforeAction(Object(yii\base\InlineAction))
#2 C:\wamp64\www\Hora-da-Papa\vendor\yiisoft\yii2\base\Module.php(528): yii\base\Controller->runAction('view', Array)
#3 C:\wamp64\www\Hora-da-Papa\vendor\yiisoft\yii2\web\Application.php(103): yii\base\Module->runAction('gii/default/vie...', Array)
#4 C:\wamp64\www\Hora-da-Papa\vendor\yiisoft\yii2\base\Application.php(386): yii\web\Application->handleRequest(Object(yii\web\Request))
#5 C:\wamp64\www\Hora-da-Papa\backend\web\index.php(17): yii\base\Application->run()
#6 {main}
2020-11-17 16:36:56 [::1][1][kf19fgp8451keimimfrdrcqfc5][info][application] $_GET = [
    'r' => 'gii/default/view'
    'id' => 'crud'
]

$_POST = [
    '_csrf-backend' => 'L7vb5voTlH_mRztIckwA8EAz4QoGWNgVYh2Qez0hndps_4iQslbVSaIYcHo4KjK3CVusQnQ6oXZWculLBFXFrw=='
    'Generator' => [
        'modelClass' => 'app\\models\\Venda'
        'searchModelClass' => 'app\\models\\VendaSearch'
        'controllerClass' => 'app\\controllers\\VendaController'
        'viewPath' => '@app/views/venda'
        'baseControllerClass' => 'yii\\web\\Controller'
        'indexWidgetType' => 'grid'
        'enableI18N' => '0'
        'enablePjax' => '0'
        'messageCategory' => 'app'
        'template' => 'default'
    ]
    'preview' => ''
]

$_FILES = []

$_COOKIE = [
    '_csrf-frontend' => 'ec433b8fb18a09199fc9ec2081bd894a4f0ec891a7b33681bc1e69ae8198b72fa:2:{i:0;s:14:\"_csrf-frontend\";i:1;s:32:\"vDByfDjFz9-M-StBj35i6CR1ujMrfnXC\";}'
    'advanced-frontend' => '6e5hcumr1fs0bh2l4fn7e6bhvf'
    'advanced-backend' => 'kf19fgp8451keimimfrdrcqfc5'
    '_identity-backend' => 'e8b1e64b21012b750dc14fcb9c71459271f714c3a7388ae121239338ab4fd5a3a:2:{i:0;s:17:\"_identity-backend\";i:1;s:46:\"[1,\"vRWMtsY18dOVs9Y9BNleDrhHbXTVYYG_\",2592000]\";}'
    '_csrf-backend' => '4e11b6f85ddfeeec3b5f918dde481d8dec2778b7eb03ea6fb5511396edac3930a:2:{i:0;s:13:\"_csrf-backend\";i:1;s:32:\"LPCbHt42BOjT-uEWHpyvyB1kEfUDJd9_\";}'
]

$_SESSION = [
    '__flash' => []
    '__returnUrl' => 'http://localhost/hora-da-papa/backend/web/'
    '__id' => 1
]

$_SERVER = [
    'HTTP_HOST' => 'localhost'
    'HTTP_CONNECTION' => 'keep-alive'
    'CONTENT_LENGTH' => '552'
    'HTTP_CACHE_CONTROL' => 'max-age=0'
    'HTTP_DNT' => '1'
    'HTTP_UPGRADE_INSECURE_REQUESTS' => '1'
    'HTTP_USER_AGENT' => 'Mozilla/5.0 (Windows NT 10.0; Win64; x64) AppleWebKit/537.36 (KHTML, like Gecko) Chrome/86.0.4240.198 Safari/537.36'
    'HTTP_ORIGIN' => 'http://localhost'
    'CONTENT_TYPE' => 'application/x-www-form-urlencoded'
    'HTTP_ACCEPT' => 'text/html,application/xhtml+xml,application/xml;q=0.9,image/avif,image/webp,image/apng,*/*;q=0.8,application/signed-exchange;v=b3;q=0.9'
    'HTTP_SEC_FETCH_SITE' => 'same-origin'
    'HTTP_SEC_FETCH_MODE' => 'navigate'
    'HTTP_SEC_FETCH_USER' => '?1'
    'HTTP_SEC_FETCH_DEST' => 'document'
    'HTTP_REFERER' => 'http://localhost/hora-da-papa/backend/web/index.php?r=gii%2Fdefault%2Fview&id=crud'
    'HTTP_ACCEPT_ENCODING' => 'gzip, deflate, br'
    'HTTP_ACCEPT_LANGUAGE' => 'pt-PT,pt;q=0.9,en-US;q=0.8,en;q=0.7'
    'HTTP_COOKIE' => '_csrf-frontend=ec433b8fb18a09199fc9ec2081bd894a4f0ec891a7b33681bc1e69ae8198b72fa%3A2%3A%7Bi%3A0%3Bs%3A14%3A%22_csrf-frontend%22%3Bi%3A1%3Bs%3A32%3A%22vDByfDjFz9-M-StBj35i6CR1ujMrfnXC%22%3B%7D; advanced-frontend=6e5hcumr1fs0bh2l4fn7e6bhvf; advanced-backend=kf19fgp8451keimimfrdrcqfc5; _identity-backend=e8b1e64b21012b750dc14fcb9c71459271f714c3a7388ae121239338ab4fd5a3a%3A2%3A%7Bi%3A0%3Bs%3A17%3A%22_identity-backend%22%3Bi%3A1%3Bs%3A46%3A%22%5B1%2C%22vRWMtsY18dOVs9Y9BNleDrhHbXTVYYG_%22%2C2592000%5D%22%3B%7D; _csrf-backend=4e11b6f85ddfeeec3b5f918dde481d8dec2778b7eb03ea6fb5511396edac3930a%3A2%3A%7Bi%3A0%3Bs%3A13%3A%22_csrf-backend%22%3Bi%3A1%3Bs%3A32%3A%22LPCbHt42BOjT-uEWHpyvyB1kEfUDJd9_%22%3B%7D'
    'PATH' => 'C:\\Program Files\\AdoptOpenJDK\\jdk-14.0.2.12-hotspot\\bin;C:\\Program Files\\Common Files\\Oracle\\Java\\javapath;C:\\Windows\\system32;C:\\Windows;C:\\Windows\\System32\\Wbem;C:\\Windows\\System32\\WindowsPowerShell\\v1.0\\;C:\\Windows\\System32\\OpenSSH\\;C:\\wamp64\\bin\\php\\php5.6.40;C:\\ProgramData\\ComposerSetup\\bin;C:\\Program Files\\dotnet\\;C:\\Program Files\\Microsoft SQL Server\\130\\Tools\\Binn\\;C:\\Program Files\\Microsoft SQL Server\\Client SDK\\ODBC\\170\\Tools\\Binn\\;C:\\Program Files\\Docker\\Docker\\resources\\bin;C:\\ProgramData\\DockerDesktop\\version-bin;C:\\Program Files\\Git\\cmd;C:\\Program Files\\Microsoft SQL Server\\Client SDK\\ODBC\\130\\Tools\\Binn\\;C:\\Program Files (x86)\\Microsoft SQL Server\\140\\Tools\\Binn\\;C:\\Program Files\\Microsoft SQL Server\\140\\Tools\\Binn\\;C:\\Program Files\\Microsoft SQL Server\\140\\DTS\\Binn\\;C:\\Program Files (x86)\\Microsoft SQL Server\\150\\DTS\\Binn\\;C:\\Windows\\system32\\config\\systemprofile\\AppData\\Local\\Microsoft\\WindowsApps'
    'SystemRoot' => 'C:\\Windows'
    'COMSPEC' => 'C:\\Windows\\system32\\cmd.exe'
    'PATHEXT' => '.COM;.EXE;.BAT;.CMD;.VBS;.VBE;.JS;.JSE;.WSF;.WSH;.MSC'
    'WINDIR' => 'C:\\Windows'
    'SERVER_SIGNATURE' => '<address>Apache/2.4.46 (Win64) PHP/7.4.9 Server at localhost Port 80</address>
'
    'SERVER_SOFTWARE' => 'Apache/2.4.46 (Win64) PHP/7.4.9'
    'SERVER_NAME' => 'localhost'
    'SERVER_ADDR' => '::1'
    'SERVER_PORT' => '80'
    'REMOTE_ADDR' => '::1'
    'DOCUMENT_ROOT' => 'C:/wamp64/www'
    'REQUEST_SCHEME' => 'http'
    'CONTEXT_PREFIX' => ''
    'CONTEXT_DOCUMENT_ROOT' => 'C:/wamp64/www'
    'SERVER_ADMIN' => 'wampserver@wampserver.invalid'
    'SCRIPT_FILENAME' => 'C:/wamp64/www/Hora-da-Papa/backend/web/index.php'
    'REMOTE_PORT' => '65028'
    'GATEWAY_INTERFACE' => 'CGI/1.1'
    'SERVER_PROTOCOL' => 'HTTP/1.1'
    'REQUEST_METHOD' => 'POST'
    'QUERY_STRING' => 'r=gii%2Fdefault%2Fview&id=crud'
    'REQUEST_URI' => '/hora-da-papa/backend/web/index.php?r=gii%2Fdefault%2Fview&id=crud'
    'SCRIPT_NAME' => '/hora-da-papa/backend/web/index.php'
    'PHP_SELF' => '/hora-da-papa/backend/web/index.php'
    'REQUEST_TIME_FLOAT' => 1605631016.4289
    'REQUEST_TIME' => 1605631016
]
2020-11-17 16:37:05 [::1][1][kf19fgp8451keimimfrdrcqfc5][error][yii\web\HttpException:400] yii\web\BadRequestHttpException: Unable to verify your data submission. in C:\wamp64\www\Hora-da-Papa\vendor\yiisoft\yii2\web\Controller.php:202
Stack trace:
#0 C:\wamp64\www\Hora-da-Papa\vendor\yiisoft\yii2-gii\src\controllers\DefaultController.php(38): yii\web\Controller->beforeAction(Object(yii\base\InlineAction))
#1 C:\wamp64\www\Hora-da-Papa\vendor\yiisoft\yii2\base\Controller.php(178): yii\gii\controllers\DefaultController->beforeAction(Object(yii\base\InlineAction))
#2 C:\wamp64\www\Hora-da-Papa\vendor\yiisoft\yii2\base\Module.php(528): yii\base\Controller->runAction('view', Array)
#3 C:\wamp64\www\Hora-da-Papa\vendor\yiisoft\yii2\web\Application.php(103): yii\base\Module->runAction('gii/default/vie...', Array)
#4 C:\wamp64\www\Hora-da-Papa\vendor\yiisoft\yii2\base\Application.php(386): yii\web\Application->handleRequest(Object(yii\web\Request))
#5 C:\wamp64\www\Hora-da-Papa\backend\web\index.php(17): yii\base\Application->run()
#6 {main}
2020-11-17 16:37:05 [::1][1][kf19fgp8451keimimfrdrcqfc5][info][application] $_GET = [
    'r' => 'gii/default/view'
    'id' => 'crud'
]

$_POST = [
    '_csrf-backend' => 'L7vb5voTlH_mRztIckwA8EAz4QoGWNgVYh2Qez0hndps_4iQslbVSaIYcHo4KjK3CVusQnQ6oXZWculLBFXFrw=='
    'Generator' => [
        'modelClass' => 'app\\models\\Venda'
        'searchModelClass' => 'app\\models\\VendaSearch'
        'controllerClass' => 'app\\controllers\\VendaController'
        'viewPath' => '@app/views/venda'
        'baseControllerClass' => 'yii\\web\\Controller'
        'indexWidgetType' => 'grid'
        'enableI18N' => '0'
        'enablePjax' => '0'
        'messageCategory' => 'app'
        'template' => 'default'
    ]
    'preview' => ''
]

$_FILES = []

$_COOKIE = [
    '_csrf-frontend' => 'ec433b8fb18a09199fc9ec2081bd894a4f0ec891a7b33681bc1e69ae8198b72fa:2:{i:0;s:14:\"_csrf-frontend\";i:1;s:32:\"vDByfDjFz9-M-StBj35i6CR1ujMrfnXC\";}'
    'advanced-frontend' => '6e5hcumr1fs0bh2l4fn7e6bhvf'
    'advanced-backend' => 'kf19fgp8451keimimfrdrcqfc5'
    '_identity-backend' => 'e8b1e64b21012b750dc14fcb9c71459271f714c3a7388ae121239338ab4fd5a3a:2:{i:0;s:17:\"_identity-backend\";i:1;s:46:\"[1,\"vRWMtsY18dOVs9Y9BNleDrhHbXTVYYG_\",2592000]\";}'
    '_csrf-backend' => '4e11b6f85ddfeeec3b5f918dde481d8dec2778b7eb03ea6fb5511396edac3930a:2:{i:0;s:13:\"_csrf-backend\";i:1;s:32:\"LPCbHt42BOjT-uEWHpyvyB1kEfUDJd9_\";}'
]

$_SESSION = [
    '__flash' => []
    '__returnUrl' => 'http://localhost/hora-da-papa/backend/web/'
    '__id' => 1
]

$_SERVER = [
    'HTTP_HOST' => 'localhost'
    'HTTP_CONNECTION' => 'keep-alive'
    'CONTENT_LENGTH' => '552'
    'HTTP_CACHE_CONTROL' => 'max-age=0'
    'HTTP_ORIGIN' => 'http://localhost'
    'HTTP_UPGRADE_INSECURE_REQUESTS' => '1'
    'HTTP_DNT' => '1'
    'CONTENT_TYPE' => 'application/x-www-form-urlencoded'
    'HTTP_USER_AGENT' => 'Mozilla/5.0 (Windows NT 10.0; Win64; x64) AppleWebKit/537.36 (KHTML, like Gecko) Chrome/86.0.4240.198 Safari/537.36'
    'HTTP_ACCEPT' => 'text/html,application/xhtml+xml,application/xml;q=0.9,image/avif,image/webp,image/apng,*/*;q=0.8,application/signed-exchange;v=b3;q=0.9'
    'HTTP_SEC_FETCH_SITE' => 'same-origin'
    'HTTP_SEC_FETCH_MODE' => 'navigate'
    'HTTP_SEC_FETCH_USER' => '?1'
    'HTTP_SEC_FETCH_DEST' => 'document'
    'HTTP_REFERER' => 'http://localhost/hora-da-papa/backend/web/index.php?r=gii%2Fdefault%2Fview&id=crud'
    'HTTP_ACCEPT_ENCODING' => 'gzip, deflate, br'
    'HTTP_ACCEPT_LANGUAGE' => 'pt-PT,pt;q=0.9,en-US;q=0.8,en;q=0.7'
    'HTTP_COOKIE' => '_csrf-frontend=ec433b8fb18a09199fc9ec2081bd894a4f0ec891a7b33681bc1e69ae8198b72fa%3A2%3A%7Bi%3A0%3Bs%3A14%3A%22_csrf-frontend%22%3Bi%3A1%3Bs%3A32%3A%22vDByfDjFz9-M-StBj35i6CR1ujMrfnXC%22%3B%7D; advanced-frontend=6e5hcumr1fs0bh2l4fn7e6bhvf; advanced-backend=kf19fgp8451keimimfrdrcqfc5; _identity-backend=e8b1e64b21012b750dc14fcb9c71459271f714c3a7388ae121239338ab4fd5a3a%3A2%3A%7Bi%3A0%3Bs%3A17%3A%22_identity-backend%22%3Bi%3A1%3Bs%3A46%3A%22%5B1%2C%22vRWMtsY18dOVs9Y9BNleDrhHbXTVYYG_%22%2C2592000%5D%22%3B%7D; _csrf-backend=4e11b6f85ddfeeec3b5f918dde481d8dec2778b7eb03ea6fb5511396edac3930a%3A2%3A%7Bi%3A0%3Bs%3A13%3A%22_csrf-backend%22%3Bi%3A1%3Bs%3A32%3A%22LPCbHt42BOjT-uEWHpyvyB1kEfUDJd9_%22%3B%7D'
    'PATH' => 'C:\\Program Files\\AdoptOpenJDK\\jdk-14.0.2.12-hotspot\\bin;C:\\Program Files\\Common Files\\Oracle\\Java\\javapath;C:\\Windows\\system32;C:\\Windows;C:\\Windows\\System32\\Wbem;C:\\Windows\\System32\\WindowsPowerShell\\v1.0\\;C:\\Windows\\System32\\OpenSSH\\;C:\\wamp64\\bin\\php\\php5.6.40;C:\\ProgramData\\ComposerSetup\\bin;C:\\Program Files\\dotnet\\;C:\\Program Files\\Microsoft SQL Server\\130\\Tools\\Binn\\;C:\\Program Files\\Microsoft SQL Server\\Client SDK\\ODBC\\170\\Tools\\Binn\\;C:\\Program Files\\Docker\\Docker\\resources\\bin;C:\\ProgramData\\DockerDesktop\\version-bin;C:\\Program Files\\Git\\cmd;C:\\Program Files\\Microsoft SQL Server\\Client SDK\\ODBC\\130\\Tools\\Binn\\;C:\\Program Files (x86)\\Microsoft SQL Server\\140\\Tools\\Binn\\;C:\\Program Files\\Microsoft SQL Server\\140\\Tools\\Binn\\;C:\\Program Files\\Microsoft SQL Server\\140\\DTS\\Binn\\;C:\\Program Files (x86)\\Microsoft SQL Server\\150\\DTS\\Binn\\;C:\\Windows\\system32\\config\\systemprofile\\AppData\\Local\\Microsoft\\WindowsApps'
    'SystemRoot' => 'C:\\Windows'
    'COMSPEC' => 'C:\\Windows\\system32\\cmd.exe'
    'PATHEXT' => '.COM;.EXE;.BAT;.CMD;.VBS;.VBE;.JS;.JSE;.WSF;.WSH;.MSC'
    'WINDIR' => 'C:\\Windows'
    'SERVER_SIGNATURE' => '<address>Apache/2.4.46 (Win64) PHP/7.4.9 Server at localhost Port 80</address>
'
    'SERVER_SOFTWARE' => 'Apache/2.4.46 (Win64) PHP/7.4.9'
    'SERVER_NAME' => 'localhost'
    'SERVER_ADDR' => '::1'
    'SERVER_PORT' => '80'
    'REMOTE_ADDR' => '::1'
    'DOCUMENT_ROOT' => 'C:/wamp64/www'
    'REQUEST_SCHEME' => 'http'
    'CONTEXT_PREFIX' => ''
    'CONTEXT_DOCUMENT_ROOT' => 'C:/wamp64/www'
    'SERVER_ADMIN' => 'wampserver@wampserver.invalid'
    'SCRIPT_FILENAME' => 'C:/wamp64/www/Hora-da-Papa/backend/web/index.php'
    'REMOTE_PORT' => '65071'
    'GATEWAY_INTERFACE' => 'CGI/1.1'
    'SERVER_PROTOCOL' => 'HTTP/1.1'
    'REQUEST_METHOD' => 'POST'
    'QUERY_STRING' => 'r=gii%2Fdefault%2Fview&id=crud'
    'REQUEST_URI' => '/hora-da-papa/backend/web/index.php?r=gii%2Fdefault%2Fview&id=crud'
    'SCRIPT_NAME' => '/hora-da-papa/backend/web/index.php'
    'PHP_SELF' => '/hora-da-papa/backend/web/index.php'
    'REQUEST_TIME_FLOAT' => 1605631025.2804
    'REQUEST_TIME' => 1605631025
]
2020-11-17 16:37:39 [::1][1][kf19fgp8451keimimfrdrcqfc5][error][yii\web\HttpException:400] yii\web\BadRequestHttpException: Unable to verify your data submission. in C:\wamp64\www\Hora-da-Papa\vendor\yiisoft\yii2\web\Controller.php:202
Stack trace:
#0 C:\wamp64\www\Hora-da-Papa\vendor\yiisoft\yii2-gii\src\controllers\DefaultController.php(38): yii\web\Controller->beforeAction(Object(yii\base\InlineAction))
#1 C:\wamp64\www\Hora-da-Papa\vendor\yiisoft\yii2\base\Controller.php(178): yii\gii\controllers\DefaultController->beforeAction(Object(yii\base\InlineAction))
#2 C:\wamp64\www\Hora-da-Papa\vendor\yiisoft\yii2\base\Module.php(528): yii\base\Controller->runAction('view', Array)
#3 C:\wamp64\www\Hora-da-Papa\vendor\yiisoft\yii2\web\Application.php(103): yii\base\Module->runAction('gii/default/vie...', Array)
#4 C:\wamp64\www\Hora-da-Papa\vendor\yiisoft\yii2\base\Application.php(386): yii\web\Application->handleRequest(Object(yii\web\Request))
#5 C:\wamp64\www\Hora-da-Papa\backend\web\index.php(17): yii\base\Application->run()
#6 {main}
2020-11-17 16:37:39 [::1][1][kf19fgp8451keimimfrdrcqfc5][info][application] $_GET = [
    'r' => 'gii/default/view'
    'id' => 'crud'
]

$_POST = [
    '_csrf-backend' => '_QmXUnVRgp8r9-qJxx6aifwkM7tMJfqv6p2ZnTE7qjS-TcQkPRTDqW-oobuNeKjOtUx-8z5Hg8ze8uCtCE_yQQ=='
    'Generator' => [
        'modelClass' => 'app\\models\\Venda'
        'searchModelClass' => 'app\\models\\VendaSearch'
        'controllerClass' => 'app\\controllers\\VendaController'
        'viewPath' => '@app/views/venda'
        'baseControllerClass' => 'yii\\web\\Controller'
        'indexWidgetType' => 'grid'
        'enableI18N' => '0'
        'enablePjax' => '0'
        'messageCategory' => 'app'
        'template' => 'default'
    ]
    'preview' => ''
]

$_FILES = []

$_COOKIE = [
    '_csrf-frontend' => 'ec433b8fb18a09199fc9ec2081bd894a4f0ec891a7b33681bc1e69ae8198b72fa:2:{i:0;s:14:\"_csrf-frontend\";i:1;s:32:\"vDByfDjFz9-M-StBj35i6CR1ujMrfnXC\";}'
    'advanced-frontend' => '6e5hcumr1fs0bh2l4fn7e6bhvf'
    'advanced-backend' => 'kf19fgp8451keimimfrdrcqfc5'
    '_identity-backend' => 'e8b1e64b21012b750dc14fcb9c71459271f714c3a7388ae121239338ab4fd5a3a:2:{i:0;s:17:\"_identity-backend\";i:1;s:46:\"[1,\"vRWMtsY18dOVs9Y9BNleDrhHbXTVYYG_\",2592000]\";}'
    '_csrf-backend' => '4e11b6f85ddfeeec3b5f918dde481d8dec2778b7eb03ea6fb5511396edac3930a:2:{i:0;s:13:\"_csrf-backend\";i:1;s:32:\"LPCbHt42BOjT-uEWHpyvyB1kEfUDJd9_\";}'
]

$_SESSION = [
    '__flash' => []
    '__returnUrl' => 'http://localhost/hora-da-papa/backend/web/'
    '__id' => 1
]

$_SERVER = [
    'HTTP_HOST' => 'localhost'
    'HTTP_CONNECTION' => 'keep-alive'
    'CONTENT_LENGTH' => '552'
    'HTTP_CACHE_CONTROL' => 'max-age=0'
    'HTTP_ORIGIN' => 'http://localhost'
    'HTTP_UPGRADE_INSECURE_REQUESTS' => '1'
    'HTTP_DNT' => '1'
    'CONTENT_TYPE' => 'application/x-www-form-urlencoded'
    'HTTP_USER_AGENT' => 'Mozilla/5.0 (Windows NT 10.0; Win64; x64) AppleWebKit/537.36 (KHTML, like Gecko) Chrome/86.0.4240.198 Safari/537.36'
    'HTTP_ACCEPT' => 'text/html,application/xhtml+xml,application/xml;q=0.9,image/avif,image/webp,image/apng,*/*;q=0.8,application/signed-exchange;v=b3;q=0.9'
    'HTTP_SEC_FETCH_SITE' => 'same-origin'
    'HTTP_SEC_FETCH_MODE' => 'navigate'
    'HTTP_SEC_FETCH_USER' => '?1'
    'HTTP_SEC_FETCH_DEST' => 'document'
    'HTTP_REFERER' => 'http://localhost/hora-da-papa/backend/web/index.php?r=gii%2Fdefault%2Fview&id=crud'
    'HTTP_ACCEPT_ENCODING' => 'gzip, deflate, br'
    'HTTP_ACCEPT_LANGUAGE' => 'pt-PT,pt;q=0.9,en-US;q=0.8,en;q=0.7'
    'HTTP_COOKIE' => '_csrf-frontend=ec433b8fb18a09199fc9ec2081bd894a4f0ec891a7b33681bc1e69ae8198b72fa%3A2%3A%7Bi%3A0%3Bs%3A14%3A%22_csrf-frontend%22%3Bi%3A1%3Bs%3A32%3A%22vDByfDjFz9-M-StBj35i6CR1ujMrfnXC%22%3B%7D; advanced-frontend=6e5hcumr1fs0bh2l4fn7e6bhvf; advanced-backend=kf19fgp8451keimimfrdrcqfc5; _identity-backend=e8b1e64b21012b750dc14fcb9c71459271f714c3a7388ae121239338ab4fd5a3a%3A2%3A%7Bi%3A0%3Bs%3A17%3A%22_identity-backend%22%3Bi%3A1%3Bs%3A46%3A%22%5B1%2C%22vRWMtsY18dOVs9Y9BNleDrhHbXTVYYG_%22%2C2592000%5D%22%3B%7D; _csrf-backend=4e11b6f85ddfeeec3b5f918dde481d8dec2778b7eb03ea6fb5511396edac3930a%3A2%3A%7Bi%3A0%3Bs%3A13%3A%22_csrf-backend%22%3Bi%3A1%3Bs%3A32%3A%22LPCbHt42BOjT-uEWHpyvyB1kEfUDJd9_%22%3B%7D'
    'PATH' => 'C:\\Program Files\\AdoptOpenJDK\\jdk-14.0.2.12-hotspot\\bin;C:\\Program Files\\Common Files\\Oracle\\Java\\javapath;C:\\Windows\\system32;C:\\Windows;C:\\Windows\\System32\\Wbem;C:\\Windows\\System32\\WindowsPowerShell\\v1.0\\;C:\\Windows\\System32\\OpenSSH\\;C:\\wamp64\\bin\\php\\php5.6.40;C:\\ProgramData\\ComposerSetup\\bin;C:\\Program Files\\dotnet\\;C:\\Program Files\\Microsoft SQL Server\\130\\Tools\\Binn\\;C:\\Program Files\\Microsoft SQL Server\\Client SDK\\ODBC\\170\\Tools\\Binn\\;C:\\Program Files\\Docker\\Docker\\resources\\bin;C:\\ProgramData\\DockerDesktop\\version-bin;C:\\Program Files\\Git\\cmd;C:\\Program Files\\Microsoft SQL Server\\Client SDK\\ODBC\\130\\Tools\\Binn\\;C:\\Program Files (x86)\\Microsoft SQL Server\\140\\Tools\\Binn\\;C:\\Program Files\\Microsoft SQL Server\\140\\Tools\\Binn\\;C:\\Program Files\\Microsoft SQL Server\\140\\DTS\\Binn\\;C:\\Program Files (x86)\\Microsoft SQL Server\\150\\DTS\\Binn\\;C:\\Windows\\system32\\config\\systemprofile\\AppData\\Local\\Microsoft\\WindowsApps'
    'SystemRoot' => 'C:\\Windows'
    'COMSPEC' => 'C:\\Windows\\system32\\cmd.exe'
    'PATHEXT' => '.COM;.EXE;.BAT;.CMD;.VBS;.VBE;.JS;.JSE;.WSF;.WSH;.MSC'
    'WINDIR' => 'C:\\Windows'
    'SERVER_SIGNATURE' => '<address>Apache/2.4.46 (Win64) PHP/7.4.9 Server at localhost Port 80</address>
'
    'SERVER_SOFTWARE' => 'Apache/2.4.46 (Win64) PHP/7.4.9'
    'SERVER_NAME' => 'localhost'
    'SERVER_ADDR' => '::1'
    'SERVER_PORT' => '80'
    'REMOTE_ADDR' => '::1'
    'DOCUMENT_ROOT' => 'C:/wamp64/www'
    'REQUEST_SCHEME' => 'http'
    'CONTEXT_PREFIX' => ''
    'CONTEXT_DOCUMENT_ROOT' => 'C:/wamp64/www'
    'SERVER_ADMIN' => 'wampserver@wampserver.invalid'
    'SCRIPT_FILENAME' => 'C:/wamp64/www/Hora-da-Papa/backend/web/index.php'
    'REMOTE_PORT' => '65094'
    'GATEWAY_INTERFACE' => 'CGI/1.1'
    'SERVER_PROTOCOL' => 'HTTP/1.1'
    'REQUEST_METHOD' => 'POST'
    'QUERY_STRING' => 'r=gii%2Fdefault%2Fview&id=crud'
    'REQUEST_URI' => '/hora-da-papa/backend/web/index.php?r=gii%2Fdefault%2Fview&id=crud'
    'SCRIPT_NAME' => '/hora-da-papa/backend/web/index.php'
    'PHP_SELF' => '/hora-da-papa/backend/web/index.php'
    'REQUEST_TIME_FLOAT' => 1605631059.4065
    'REQUEST_TIME' => 1605631059
]
2020-11-17 16:38:17 [::1][1][kf19fgp8451keimimfrdrcqfc5][error][Error] Error: Class 'app\models\User' not found in C:\wamp64\www\Hora-da-Papa\backend\models\Venda.php:41
Stack trace:
#0 C:\wamp64\www\Hora-da-Papa\vendor\yiisoft\yii2\base\Model.php(464): app\models\Venda->rules()
#1 C:\wamp64\www\Hora-da-Papa\vendor\yiisoft\yii2\base\Model.php(420): yii\base\Model->createValidators()
#2 C:\wamp64\www\Hora-da-Papa\vendor\yiisoft\yii2\base\Model.php(189): yii\base\Model->getValidators()
#3 C:\wamp64\www\Hora-da-Papa\vendor\yiisoft\yii2\base\Model.php(795): yii\base\Model->scenarios()
#4 C:\wamp64\www\Hora-da-Papa\vendor\yiisoft\yii2-gii\src\generators\crud\default\views\_form.php(11): yii\base\Model->safeAttributes()
#5 C:\wamp64\www\Hora-da-Papa\vendor\yiisoft\yii2\base\View.php(348): require('C:\\wamp64\\www\\H...')
#6 C:\wamp64\www\Hora-da-Papa\vendor\yiisoft\yii2\base\View.php(257): yii\base\View->renderPhpFile('C:\\wamp64\\www\\H...', Array)
#7 C:\wamp64\www\Hora-da-Papa\vendor\yiisoft\yii2-gii\src\Generator.php(317): yii\base\View->renderFile('C:\\wamp64\\www\\H...', Array, Object(yii\gii\generators\crud\Generator))
#8 C:\wamp64\www\Hora-da-Papa\vendor\yiisoft\yii2-gii\src\generators\crud\Generator.php(188): yii\gii\Generator->render('views/_form.php')
#9 C:\wamp64\www\Hora-da-Papa\vendor\yiisoft\yii2-gii\src\controllers\DefaultController.php(61): yii\gii\generators\crud\Generator->generate()
#10 [internal function]: yii\gii\controllers\DefaultController->actionView('crud')
#11 C:\wamp64\www\Hora-da-Papa\vendor\yiisoft\yii2\base\InlineAction.php(57): call_user_func_array(Array, Array)
#12 C:\wamp64\www\Hora-da-Papa\vendor\yiisoft\yii2\base\Controller.php(180): yii\base\InlineAction->runWithParams(Array)
#13 C:\wamp64\www\Hora-da-Papa\vendor\yiisoft\yii2\base\Module.php(528): yii\base\Controller->runAction('view', Array)
#14 C:\wamp64\www\Hora-da-Papa\vendor\yiisoft\yii2\web\Application.php(103): yii\base\Module->runAction('gii/default/vie...', Array)
#15 C:\wamp64\www\Hora-da-Papa\vendor\yiisoft\yii2\base\Application.php(386): yii\web\Application->handleRequest(Object(yii\web\Request))
#16 C:\wamp64\www\Hora-da-Papa\backend\web\index.php(17): yii\base\Application->run()
#17 {main}
2020-11-17 16:38:17 [::1][1][kf19fgp8451keimimfrdrcqfc5][info][application] $_GET = [
    'r' => 'gii/default/view'
    'id' => 'crud'
]

$_POST = [
    '_csrf-backend' => 'jAf6LDagxVI0QLWLI5lSLCn1xs7tQw3LihS-aVVhYhXAV7lOftTxYHYP398O7Bd7YYW_uJQBPKDPcustHwVbSg=='
    'Generator' => [
        'modelClass' => 'app\\models\\Venda'
        'searchModelClass' => 'app\\models\\VendaSearch'
        'controllerClass' => 'app\\controllers\\VendaController'
        'viewPath' => '@app/views/venda'
        'baseControllerClass' => 'yii\\web\\Controller'
        'indexWidgetType' => 'grid'
        'enableI18N' => '0'
        'enablePjax' => '0'
        'messageCategory' => 'app'
        'template' => 'default'
    ]
    'preview' => ''
]

$_FILES = []

$_COOKIE = [
    '_csrf-frontend' => 'ec433b8fb18a09199fc9ec2081bd894a4f0ec891a7b33681bc1e69ae8198b72fa:2:{i:0;s:14:\"_csrf-frontend\";i:1;s:32:\"vDByfDjFz9-M-StBj35i6CR1ujMrfnXC\";}'
    'advanced-frontend' => '6e5hcumr1fs0bh2l4fn7e6bhvf'
    'advanced-backend' => 'kf19fgp8451keimimfrdrcqfc5'
    '_identity-backend' => 'e8b1e64b21012b750dc14fcb9c71459271f714c3a7388ae121239338ab4fd5a3a:2:{i:0;s:17:\"_identity-backend\";i:1;s:46:\"[1,\"vRWMtsY18dOVs9Y9BNleDrhHbXTVYYG_\",2592000]\";}'
    '_csrf-backend' => '4e11b6f85ddfeeec3b5f918dde481d8dec2778b7eb03ea6fb5511396edac3930a:2:{i:0;s:13:\"_csrf-backend\";i:1;s:32:\"LPCbHt42BOjT-uEWHpyvyB1kEfUDJd9_\";}'
]

$_SESSION = [
    '__flash' => []
    '__returnUrl' => 'http://localhost/hora-da-papa/backend/web/'
    '__id' => 1
]

$_SERVER = [
    'HTTP_HOST' => 'localhost'
    'HTTP_CONNECTION' => 'keep-alive'
    'CONTENT_LENGTH' => '552'
    'HTTP_CACHE_CONTROL' => 'max-age=0'
    'HTTP_ORIGIN' => 'http://localhost'
    'HTTP_UPGRADE_INSECURE_REQUESTS' => '1'
    'HTTP_DNT' => '1'
    'CONTENT_TYPE' => 'application/x-www-form-urlencoded'
    'HTTP_USER_AGENT' => 'Mozilla/5.0 (Windows NT 10.0; Win64; x64) AppleWebKit/537.36 (KHTML, like Gecko) Chrome/86.0.4240.198 Safari/537.36'
    'HTTP_ACCEPT' => 'text/html,application/xhtml+xml,application/xml;q=0.9,image/avif,image/webp,image/apng,*/*;q=0.8,application/signed-exchange;v=b3;q=0.9'
    'HTTP_SEC_FETCH_SITE' => 'same-origin'
    'HTTP_SEC_FETCH_MODE' => 'navigate'
    'HTTP_SEC_FETCH_USER' => '?1'
    'HTTP_SEC_FETCH_DEST' => 'document'
    'HTTP_REFERER' => 'http://localhost/hora-da-papa/backend/web/index.php?r=gii%2Fdefault%2Fview&id=crud'
    'HTTP_ACCEPT_ENCODING' => 'gzip, deflate, br'
    'HTTP_ACCEPT_LANGUAGE' => 'pt-PT,pt;q=0.9,en-US;q=0.8,en;q=0.7'
    'HTTP_COOKIE' => '_csrf-frontend=ec433b8fb18a09199fc9ec2081bd894a4f0ec891a7b33681bc1e69ae8198b72fa%3A2%3A%7Bi%3A0%3Bs%3A14%3A%22_csrf-frontend%22%3Bi%3A1%3Bs%3A32%3A%22vDByfDjFz9-M-StBj35i6CR1ujMrfnXC%22%3B%7D; advanced-frontend=6e5hcumr1fs0bh2l4fn7e6bhvf; advanced-backend=kf19fgp8451keimimfrdrcqfc5; _identity-backend=e8b1e64b21012b750dc14fcb9c71459271f714c3a7388ae121239338ab4fd5a3a%3A2%3A%7Bi%3A0%3Bs%3A17%3A%22_identity-backend%22%3Bi%3A1%3Bs%3A46%3A%22%5B1%2C%22vRWMtsY18dOVs9Y9BNleDrhHbXTVYYG_%22%2C2592000%5D%22%3B%7D; _csrf-backend=4e11b6f85ddfeeec3b5f918dde481d8dec2778b7eb03ea6fb5511396edac3930a%3A2%3A%7Bi%3A0%3Bs%3A13%3A%22_csrf-backend%22%3Bi%3A1%3Bs%3A32%3A%22LPCbHt42BOjT-uEWHpyvyB1kEfUDJd9_%22%3B%7D'
    'PATH' => 'C:\\Program Files\\AdoptOpenJDK\\jdk-14.0.2.12-hotspot\\bin;C:\\Program Files\\Common Files\\Oracle\\Java\\javapath;C:\\Windows\\system32;C:\\Windows;C:\\Windows\\System32\\Wbem;C:\\Windows\\System32\\WindowsPowerShell\\v1.0\\;C:\\Windows\\System32\\OpenSSH\\;C:\\wamp64\\bin\\php\\php5.6.40;C:\\ProgramData\\ComposerSetup\\bin;C:\\Program Files\\dotnet\\;C:\\Program Files\\Microsoft SQL Server\\130\\Tools\\Binn\\;C:\\Program Files\\Microsoft SQL Server\\Client SDK\\ODBC\\170\\Tools\\Binn\\;C:\\Program Files\\Docker\\Docker\\resources\\bin;C:\\ProgramData\\DockerDesktop\\version-bin;C:\\Program Files\\Git\\cmd;C:\\Program Files\\Microsoft SQL Server\\Client SDK\\ODBC\\130\\Tools\\Binn\\;C:\\Program Files (x86)\\Microsoft SQL Server\\140\\Tools\\Binn\\;C:\\Program Files\\Microsoft SQL Server\\140\\Tools\\Binn\\;C:\\Program Files\\Microsoft SQL Server\\140\\DTS\\Binn\\;C:\\Program Files (x86)\\Microsoft SQL Server\\150\\DTS\\Binn\\;C:\\Windows\\system32\\config\\systemprofile\\AppData\\Local\\Microsoft\\WindowsApps'
    'SystemRoot' => 'C:\\Windows'
    'COMSPEC' => 'C:\\Windows\\system32\\cmd.exe'
    'PATHEXT' => '.COM;.EXE;.BAT;.CMD;.VBS;.VBE;.JS;.JSE;.WSF;.WSH;.MSC'
    'WINDIR' => 'C:\\Windows'
    'SERVER_SIGNATURE' => '<address>Apache/2.4.46 (Win64) PHP/7.4.9 Server at localhost Port 80</address>
'
    'SERVER_SOFTWARE' => 'Apache/2.4.46 (Win64) PHP/7.4.9'
    'SERVER_NAME' => 'localhost'
    'SERVER_ADDR' => '::1'
    'SERVER_PORT' => '80'
    'REMOTE_ADDR' => '::1'
    'DOCUMENT_ROOT' => 'C:/wamp64/www'
    'REQUEST_SCHEME' => 'http'
    'CONTEXT_PREFIX' => ''
    'CONTEXT_DOCUMENT_ROOT' => 'C:/wamp64/www'
    'SERVER_ADMIN' => 'wampserver@wampserver.invalid'
    'SCRIPT_FILENAME' => 'C:/wamp64/www/Hora-da-Papa/backend/web/index.php'
    'REMOTE_PORT' => '65271'
    'GATEWAY_INTERFACE' => 'CGI/1.1'
    'SERVER_PROTOCOL' => 'HTTP/1.1'
    'REQUEST_METHOD' => 'POST'
    'QUERY_STRING' => 'r=gii%2Fdefault%2Fview&id=crud'
    'REQUEST_URI' => '/hora-da-papa/backend/web/index.php?r=gii%2Fdefault%2Fview&id=crud'
    'SCRIPT_NAME' => '/hora-da-papa/backend/web/index.php'
    'PHP_SELF' => '/hora-da-papa/backend/web/index.php'
    'REQUEST_TIME_FLOAT' => 1605631097.6917
    'REQUEST_TIME' => 1605631097
]
