2020-11-23 14:42:28 [::1][-][kfg0r6f7qf6lfahjcjmhkv0em1][error][yii\web\HttpException:404] yii\base\InvalidRouteException: Unable to resolve the request "index". in C:\wamp64\www\Hora-da-Papa\vendor\yiisoft\yii2\base\Module.php:537
Stack trace:
#0 C:\wamp64\www\Hora-da-Papa\vendor\yiisoft\yii2\web\Application.php(104): yii\base\Module->runAction('index', Array)
#1 C:\wamp64\www\Hora-da-Papa\vendor\yiisoft\yii2\base\Application.php(392): yii\web\Application->handleRequest(Object(yii\web\Request))
#2 C:\wamp64\www\Hora-da-Papa\frontend\web\index.php(17): yii\base\Application->run()
#3 {main}

Next yii\web\NotFoundHttpException: Page not found. in C:\wamp64\www\Hora-da-Papa\vendor\yiisoft\yii2\web\Application.php:116
Stack trace:
#0 C:\wamp64\www\Hora-da-Papa\vendor\yiisoft\yii2\base\Application.php(392): yii\web\Application->handleRequest(Object(yii\web\Request))
#1 C:\wamp64\www\Hora-da-Papa\frontend\web\index.php(17): yii\base\Application->run()
#2 {main}
2020-11-23 14:42:28 [::1][-][kfg0r6f7qf6lfahjcjmhkv0em1][info][application] $_GET = []

$_POST = []

$_FILES = []

$_COOKIE = [
    'PHPSESSID' => '1qqg8uvaqt1na5ikt0ivkgveud'
    '_csrf' => '0c9900455c2414d86c10cad2a55edc8ef7a8e59624aad32fb285a319e5461607a:2:{i:0;s:5:\"_csrf\";i:1;s:32:\"7kh9XGhu9LbzN0UILCIsuxslSTq5SPBb\";}'
    'advanced-frontend' => 'kfg0r6f7qf6lfahjcjmhkv0em1'
    '_csrf-frontend' => 'db1a144a307a7b653156bf492c156fd30694f4e030c492b420e66b5b714962aaa:2:{i:0;s:14:\"_csrf-frontend\";i:1;s:32:\"FWSL43n2ILakX33K_erzxaCs2UYvCTL2\";}'
    'advanced-backend' => 'cvis4peb723ebph235gpg7nekk'
    '_csrf-backend' => '045a596fb0c4cf3d0d5c3eb2e6dc09abfaa899f6b8158976914894f7c6acc7e2a:2:{i:0;s:13:\"_csrf-backend\";i:1;s:32:\"kITxnsahE0PF6m0WmPCV5jQ5RVqlN4tp\";}'
]

$_SESSION = [
    '__flash' => []
    '__captcha/site/captcha' => 'gobftoc'
    '__captcha/site/captchacount' => 1
]

$_SERVER = [
    'HTTP_HOST' => 'localhost'
    'HTTP_CONNECTION' => 'keep-alive'
    'HTTP_UPGRADE_INSECURE_REQUESTS' => '1'
    'HTTP_USER_AGENT' => 'Mozilla/5.0 (Windows NT 10.0; Win64; x64) AppleWebKit/537.36 (KHTML, like Gecko) Chrome/87.0.4280.66 Safari/537.36'
    'HTTP_ACCEPT' => 'text/html,application/xhtml+xml,application/xml;q=0.9,image/avif,image/webp,image/apng,*/*;q=0.8,application/signed-exchange;v=b3;q=0.9'
    'HTTP_SEC_FETCH_SITE' => 'none'
    'HTTP_SEC_FETCH_MODE' => 'navigate'
    'HTTP_SEC_FETCH_USER' => '?1'
    'HTTP_SEC_FETCH_DEST' => 'document'
    'HTTP_ACCEPT_ENCODING' => 'gzip, deflate, br'
    'HTTP_ACCEPT_LANGUAGE' => 'pt-PT,pt;q=0.9,en-US;q=0.8,en;q=0.7'
    'HTTP_COOKIE' => 'PHPSESSID=1qqg8uvaqt1na5ikt0ivkgveud; _csrf=0c9900455c2414d86c10cad2a55edc8ef7a8e59624aad32fb285a319e5461607a%3A2%3A%7Bi%3A0%3Bs%3A5%3A%22_csrf%22%3Bi%3A1%3Bs%3A32%3A%227kh9XGhu9LbzN0UILCIsuxslSTq5SPBb%22%3B%7D; advanced-frontend=kfg0r6f7qf6lfahjcjmhkv0em1; _csrf-frontend=db1a144a307a7b653156bf492c156fd30694f4e030c492b420e66b5b714962aaa%3A2%3A%7Bi%3A0%3Bs%3A14%3A%22_csrf-frontend%22%3Bi%3A1%3Bs%3A32%3A%22FWSL43n2ILakX33K_erzxaCs2UYvCTL2%22%3B%7D; advanced-backend=cvis4peb723ebph235gpg7nekk; _csrf-backend=045a596fb0c4cf3d0d5c3eb2e6dc09abfaa899f6b8158976914894f7c6acc7e2a%3A2%3A%7Bi%3A0%3Bs%3A13%3A%22_csrf-backend%22%3Bi%3A1%3Bs%3A32%3A%22kITxnsahE0PF6m0WmPCV5jQ5RVqlN4tp%22%3B%7D'
    'PATH' => 'C:\\WINDOWS\\system32;C:\\WINDOWS;C:\\WINDOWS\\System32\\Wbem;C:\\WINDOWS\\System32\\WindowsPowerShell\\v1.0\\;C:\\WINDOWS\\System32\\OpenSSH\\;C:\\Program Files\\NVIDIA Corporation\\NVIDIA NvDLISR;C:\\Program Files (x86)\\NVIDIA Corporation\\PhysX\\Common;C:\\WINDOWS\\system32;C:\\WINDOWS;C:\\WINDOWS\\System32\\Wbem;C:\\WINDOWS\\System32\\WindowsPowerShell\\v1.0\\;C:\\WINDOWS\\System32\\OpenSSH\\;C:\\wamp64\\bin\\php\\php5.6.40;C:\\composer;C:\\WINDOWS\\system32\\config\\systemprofile\\AppData\\Local\\Microsoft\\WindowsApps'
    'SystemRoot' => 'C:\\WINDOWS'
    'COMSPEC' => 'C:\\WINDOWS\\system32\\cmd.exe'
    'PATHEXT' => '.COM;.EXE;.BAT;.CMD;.VBS;.VBE;.JS;.JSE;.WSF;.WSH;.MSC'
    'WINDIR' => 'C:\\WINDOWS'
    'SERVER_SIGNATURE' => '<address>Apache/2.4.46 (Win64) PHP/7.3.21 Server at localhost Port 80</address>
'
    'SERVER_SOFTWARE' => 'Apache/2.4.46 (Win64) PHP/7.3.21'
    'SERVER_NAME' => 'localhost'
    'SERVER_ADDR' => '::1'
    'SERVER_PORT' => '80'
    'REMOTE_ADDR' => '::1'
    'DOCUMENT_ROOT' => 'C:/wamp64/www'
    'REQUEST_SCHEME' => 'http'
    'CONTEXT_PREFIX' => ''
    'CONTEXT_DOCUMENT_ROOT' => 'C:/wamp64/www'
    'SERVER_ADMIN' => 'wampserver@wampserver.invalid'
    'SCRIPT_FILENAME' => 'C:/wamp64/www/Hora-da-Papa/frontend/web/index.php'
    'REMOTE_PORT' => '62627'
    'GATEWAY_INTERFACE' => 'CGI/1.1'
    'SERVER_PROTOCOL' => 'HTTP/1.1'
    'REQUEST_METHOD' => 'GET'
    'QUERY_STRING' => ''
    'REQUEST_URI' => '/Hora-da-Papa/frontend/web/index'
    'SCRIPT_NAME' => '/Hora-da-Papa/frontend/web/index.php'
    'PHP_SELF' => '/Hora-da-Papa/frontend/web/index.php'
    'REQUEST_TIME_FLOAT' => 1606142548.0924
    'REQUEST_TIME' => 1606142548
]
